{"name":"hexo","hostname":"ubuntu","pid":30059,"level":20,"msg":"Hexo version: \u001b[35m3.3.1\u001b[39m","time":"2017-04-21T13:53:26.899Z","v":0}
{"name":"hexo","hostname":"ubuntu","pid":30059,"level":20,"msg":"Working directory: \u001b[35m~/noob-xu.github.io/\u001b[39m","time":"2017-04-21T13:53:26.902Z","v":0}
{"name":"hexo","hostname":"ubuntu","pid":30059,"level":20,"msg":"Config loaded: \u001b[35m~/noob-xu.github.io/_config.yml\u001b[39m","time":"2017-04-21T13:53:26.981Z","v":0}
{"name":"hexo","hostname":"ubuntu","pid":30059,"level":20,"msg":"Script loaded: \u001b[35mthemes/next/scripts/merge-configs.js\u001b[39m","time":"2017-04-21T13:53:26.993Z","v":0}
{"name":"hexo","hostname":"ubuntu","pid":30059,"level":20,"msg":"Script loaded: \u001b[35mthemes/next/scripts/merge.js\u001b[39m","time":"2017-04-21T13:53:26.995Z","v":0}
{"name":"hexo","hostname":"ubuntu","pid":30059,"level":20,"msg":"Script loaded: \u001b[35mthemes/next/scripts/tags/button.js\u001b[39m","time":"2017-04-21T13:53:26.996Z","v":0}
{"name":"hexo","hostname":"ubuntu","pid":30059,"level":20,"msg":"Script loaded: \u001b[35mthemes/next/scripts/tags/center-quote.js\u001b[39m","time":"2017-04-21T13:53:26.996Z","v":0}
{"name":"hexo","hostname":"ubuntu","pid":30059,"level":20,"msg":"Script loaded: \u001b[35mthemes/next/scripts/tags/exturl.js\u001b[39m","time":"2017-04-21T13:53:26.997Z","v":0}
{"name":"hexo","hostname":"ubuntu","pid":30059,"level":20,"msg":"Script loaded: \u001b[35mthemes/next/scripts/tags/full-image.js\u001b[39m","time":"2017-04-21T13:53:26.997Z","v":0}
{"name":"hexo","hostname":"ubuntu","pid":30059,"level":20,"msg":"Script loaded: \u001b[35mthemes/next/scripts/tags/group-pictures.js\u001b[39m","time":"2017-04-21T13:53:26.998Z","v":0}
{"name":"hexo","hostname":"ubuntu","pid":30059,"level":20,"msg":"Script loaded: \u001b[35mthemes/next/scripts/tags/note.js\u001b[39m","time":"2017-04-21T13:53:26.999Z","v":0}
{"name":"hexo","hostname":"ubuntu","pid":30059,"level":20,"msg":"Plugin loaded: \u001b[35mhexo-generator-archive\u001b[39m","time":"2017-04-21T13:53:27.001Z","v":0}
{"name":"hexo","hostname":"ubuntu","pid":30059,"level":20,"msg":"Plugin loaded: \u001b[35mhexo-generator-category\u001b[39m","time":"2017-04-21T13:53:27.002Z","v":0}
{"name":"hexo","hostname":"ubuntu","pid":30059,"level":20,"msg":"Plugin loaded: \u001b[35mhexo-generator-index\u001b[39m","time":"2017-04-21T13:53:27.003Z","v":0}
{"name":"hexo","hostname":"ubuntu","pid":30059,"level":20,"msg":"Plugin loaded: \u001b[35mhexo-generator-tag\u001b[39m","time":"2017-04-21T13:53:27.004Z","v":0}
{"name":"hexo","hostname":"ubuntu","pid":30059,"level":20,"msg":"Plugin loaded: \u001b[35mhexo-renderer-ejs\u001b[39m","time":"2017-04-21T13:53:27.005Z","v":0}
{"name":"hexo","hostname":"ubuntu","pid":30059,"level":20,"msg":"Plugin loaded: \u001b[35mhexo-renderer-stylus\u001b[39m","time":"2017-04-21T13:53:27.006Z","v":0}
{"name":"hexo","hostname":"ubuntu","pid":30059,"level":20,"msg":"Plugin loaded: \u001b[35mhexo-renderer-marked\u001b[39m","time":"2017-04-21T13:53:27.012Z","v":0}
{"name":"hexo","hostname":"ubuntu","pid":30059,"level":20,"msg":"Plugin loaded: \u001b[35mhexo-server\u001b[39m","time":"2017-04-21T13:53:27.060Z","v":0}
{"name":"hexo","hostname":"ubuntu","pid":30059,"level":20,"msg":"Database saved","time":"2017-04-21T13:53:27.067Z","v":0}
{"name":"hexo","hostname":"ubuntu","pid":30074,"level":20,"msg":"Hexo version: \u001b[35m3.3.1\u001b[39m","time":"2017-04-21T13:53:53.159Z","v":0}
{"name":"hexo","hostname":"ubuntu","pid":30074,"level":20,"msg":"Working directory: \u001b[35m~/noob-xu.github.io/\u001b[39m","time":"2017-04-21T13:53:53.161Z","v":0}
{"name":"hexo","hostname":"ubuntu","pid":30074,"level":20,"msg":"Config loaded: \u001b[35m~/noob-xu.github.io/_config.yml\u001b[39m","time":"2017-04-21T13:53:53.241Z","v":0}
{"name":"hexo","hostname":"ubuntu","pid":30074,"level":20,"msg":"Script loaded: \u001b[35mthemes/next/scripts/merge-configs.js\u001b[39m","time":"2017-04-21T13:53:53.254Z","v":0}
{"name":"hexo","hostname":"ubuntu","pid":30074,"level":20,"msg":"Script loaded: \u001b[35mthemes/next/scripts/merge.js\u001b[39m","time":"2017-04-21T13:53:53.256Z","v":0}
{"name":"hexo","hostname":"ubuntu","pid":30074,"level":20,"msg":"Script loaded: \u001b[35mthemes/next/scripts/tags/button.js\u001b[39m","time":"2017-04-21T13:53:53.256Z","v":0}
{"name":"hexo","hostname":"ubuntu","pid":30074,"level":20,"msg":"Script loaded: \u001b[35mthemes/next/scripts/tags/center-quote.js\u001b[39m","time":"2017-04-21T13:53:53.257Z","v":0}
{"name":"hexo","hostname":"ubuntu","pid":30074,"level":20,"msg":"Script loaded: \u001b[35mthemes/next/scripts/tags/exturl.js\u001b[39m","time":"2017-04-21T13:53:53.258Z","v":0}
{"name":"hexo","hostname":"ubuntu","pid":30074,"level":20,"msg":"Script loaded: \u001b[35mthemes/next/scripts/tags/full-image.js\u001b[39m","time":"2017-04-21T13:53:53.258Z","v":0}
{"name":"hexo","hostname":"ubuntu","pid":30074,"level":20,"msg":"Script loaded: \u001b[35mthemes/next/scripts/tags/group-pictures.js\u001b[39m","time":"2017-04-21T13:53:53.260Z","v":0}
{"name":"hexo","hostname":"ubuntu","pid":30074,"level":20,"msg":"Script loaded: \u001b[35mthemes/next/scripts/tags/note.js\u001b[39m","time":"2017-04-21T13:53:53.261Z","v":0}
{"name":"hexo","hostname":"ubuntu","pid":30074,"level":20,"msg":"Plugin loaded: \u001b[35mhexo-generator-archive\u001b[39m","time":"2017-04-21T13:53:53.263Z","v":0}
{"name":"hexo","hostname":"ubuntu","pid":30074,"level":20,"msg":"Plugin loaded: \u001b[35mhexo-generator-category\u001b[39m","time":"2017-04-21T13:53:53.264Z","v":0}
{"name":"hexo","hostname":"ubuntu","pid":30074,"level":20,"msg":"Plugin loaded: \u001b[35mhexo-generator-index\u001b[39m","time":"2017-04-21T13:53:53.265Z","v":0}
{"name":"hexo","hostname":"ubuntu","pid":30074,"level":20,"msg":"Plugin loaded: \u001b[35mhexo-generator-tag\u001b[39m","time":"2017-04-21T13:53:53.266Z","v":0}
{"name":"hexo","hostname":"ubuntu","pid":30074,"level":20,"msg":"Plugin loaded: \u001b[35mhexo-renderer-ejs\u001b[39m","time":"2017-04-21T13:53:53.267Z","v":0}
{"name":"hexo","hostname":"ubuntu","pid":30074,"level":20,"msg":"Plugin loaded: \u001b[35mhexo-renderer-stylus\u001b[39m","time":"2017-04-21T13:53:53.269Z","v":0}
{"name":"hexo","hostname":"ubuntu","pid":30074,"level":20,"msg":"Plugin loaded: \u001b[35mhexo-renderer-marked\u001b[39m","time":"2017-04-21T13:53:53.272Z","v":0}
{"name":"hexo","hostname":"ubuntu","pid":30074,"level":20,"msg":"Plugin loaded: \u001b[35mhexo-server\u001b[39m","time":"2017-04-21T13:53:53.321Z","v":0}
{"name":"hexo","hostname":"ubuntu","pid":30074,"level":20,"msg":"Loading database.","time":"2017-04-21T13:53:53.330Z","v":0}
{"name":"hexo","hostname":"ubuntu","pid":30074,"level":30,"msg":"Start processing","time":"2017-04-21T13:53:53.337Z","v":0}
{"name":"hexo","hostname":"ubuntu","pid":30074,"level":20,"msg":"Theme config loaded.","time":"2017-04-21T13:53:53.488Z","v":0}
{"name":"hexo","hostname":"ubuntu","pid":30074,"level":20,"msg":"Processed: \u001b[35m_config.yml\u001b[39m","time":"2017-04-21T13:53:53.488Z","v":0}
{"name":"hexo","hostname":"ubuntu","pid":30074,"level":20,"msg":"Processed: \u001b[35msource/css/main.styl\u001b[39m","time":"2017-04-21T13:53:53.496Z","v":0}
{"name":"hexo","hostname":"ubuntu","pid":30074,"level":20,"msg":"Processed: \u001b[35msource/images/algolia_logo.svg\u001b[39m","time":"2017-04-21T13:53:53.496Z","v":0}
{"name":"hexo","hostname":"ubuntu","pid":30074,"level":20,"msg":"Processed: \u001b[35msource/images/avatar.gif\u001b[39m","time":"2017-04-21T13:53:53.496Z","v":0}
{"name":"hexo","hostname":"ubuntu","pid":30074,"level":20,"msg":"Processed: \u001b[35msource/images/cc-by-nc-nd.svg\u001b[39m","time":"2017-04-21T13:53:53.497Z","v":0}
{"name":"hexo","hostname":"ubuntu","pid":30074,"level":20,"msg":"Processed: \u001b[35msource/images/cc-by-nc-sa.svg\u001b[39m","time":"2017-04-21T13:53:53.501Z","v":0}
{"name":"hexo","hostname":"ubuntu","pid":30074,"level":20,"msg":"Processed: \u001b[35msource/images/cc-by-nc.svg\u001b[39m","time":"2017-04-21T13:53:53.501Z","v":0}
{"name":"hexo","hostname":"ubuntu","pid":30074,"level":20,"msg":"Processed: \u001b[35msource/images/cc-by-nd.svg\u001b[39m","time":"2017-04-21T13:53:53.502Z","v":0}
{"name":"hexo","hostname":"ubuntu","pid":30074,"level":20,"msg":"Processed: \u001b[35msource/images/cc-by-sa.svg\u001b[39m","time":"2017-04-21T13:53:53.502Z","v":0}
{"name":"hexo","hostname":"ubuntu","pid":30074,"level":20,"msg":"Processed: \u001b[35msource/images/cc-by.svg\u001b[39m","time":"2017-04-21T13:53:53.503Z","v":0}
{"name":"hexo","hostname":"ubuntu","pid":30074,"level":20,"msg":"Processed: \u001b[35msource/images/cc-zero.svg\u001b[39m","time":"2017-04-21T13:53:53.503Z","v":0}
{"name":"hexo","hostname":"ubuntu","pid":30074,"level":20,"msg":"Processed: \u001b[35msource/images/loading.gif\u001b[39m","time":"2017-04-21T13:53:53.503Z","v":0}
{"name":"hexo","hostname":"ubuntu","pid":30074,"level":20,"msg":"Processed: \u001b[35msource/images/placeholder.gif\u001b[39m","time":"2017-04-21T13:53:53.503Z","v":0}
{"name":"hexo","hostname":"ubuntu","pid":30074,"level":20,"msg":"Processed: \u001b[35msource/images/quote-l.svg\u001b[39m","time":"2017-04-21T13:53:53.504Z","v":0}
{"name":"hexo","hostname":"ubuntu","pid":30074,"level":20,"msg":"Processed: \u001b[35msource/images/quote-r.svg\u001b[39m","time":"2017-04-21T13:53:53.504Z","v":0}
{"name":"hexo","hostname":"ubuntu","pid":30074,"level":20,"msg":"Processed: \u001b[35msource/images/searchicon.png\u001b[39m","time":"2017-04-21T13:53:53.504Z","v":0}
{"name":"hexo","hostname":"ubuntu","pid":30074,"level":20,"msg":"Processed: \u001b[35mlayout/_layout.swig\u001b[39m","time":"2017-04-21T13:53:53.686Z","v":0}
{"name":"hexo","hostname":"ubuntu","pid":30074,"level":20,"msg":"Processed: \u001b[35mlayout/archive.swig\u001b[39m","time":"2017-04-21T13:53:53.686Z","v":0}
{"name":"hexo","hostname":"ubuntu","pid":30074,"level":20,"msg":"Processed: \u001b[35mlayout/category.swig\u001b[39m","time":"2017-04-21T13:53:53.686Z","v":0}
{"name":"hexo","hostname":"ubuntu","pid":30074,"level":20,"msg":"Processed: \u001b[35mlayout/index.swig\u001b[39m","time":"2017-04-21T13:53:53.686Z","v":0}
{"name":"hexo","hostname":"ubuntu","pid":30074,"level":20,"msg":"Processed: \u001b[35mlayout/page.swig\u001b[39m","time":"2017-04-21T13:53:53.687Z","v":0}
{"name":"hexo","hostname":"ubuntu","pid":30074,"level":20,"msg":"Processed: \u001b[35mlayout/post.swig\u001b[39m","time":"2017-04-21T13:53:53.687Z","v":0}
{"name":"hexo","hostname":"ubuntu","pid":30074,"level":20,"msg":"Processed: \u001b[35mlayout/schedule.swig\u001b[39m","time":"2017-04-21T13:53:53.687Z","v":0}
{"name":"hexo","hostname":"ubuntu","pid":30074,"level":20,"msg":"Processed: \u001b[35mlayout/tag.swig\u001b[39m","time":"2017-04-21T13:53:53.688Z","v":0}
{"name":"hexo","hostname":"ubuntu","pid":30074,"level":20,"msg":"Processed: \u001b[35mcategories/index.md\u001b[39m","time":"2017-04-21T13:53:53.708Z","v":0}
{"name":"hexo","hostname":"ubuntu","pid":30074,"level":20,"msg":"Processed: \u001b[35mlanguages/de.yml\u001b[39m","time":"2017-04-21T13:53:53.709Z","v":0}
{"name":"hexo","hostname":"ubuntu","pid":30074,"level":20,"msg":"Processed: \u001b[35mlanguages/default.yml\u001b[39m","time":"2017-04-21T13:53:53.709Z","v":0}
{"name":"hexo","hostname":"ubuntu","pid":30074,"level":20,"msg":"Processed: \u001b[35mlanguages/en.yml\u001b[39m","time":"2017-04-21T13:53:53.710Z","v":0}
{"name":"hexo","hostname":"ubuntu","pid":30074,"level":20,"msg":"Processed: \u001b[35mlanguages/fr-FR.yml\u001b[39m","time":"2017-04-21T13:53:53.711Z","v":0}
{"name":"hexo","hostname":"ubuntu","pid":30074,"level":20,"msg":"Processed: \u001b[35mlanguages/id.yml\u001b[39m","time":"2017-04-21T13:53:53.711Z","v":0}
{"name":"hexo","hostname":"ubuntu","pid":30074,"level":20,"msg":"Processed: \u001b[35mlanguages/ja.yml\u001b[39m","time":"2017-04-21T13:53:53.711Z","v":0}
{"name":"hexo","hostname":"ubuntu","pid":30074,"level":20,"msg":"Processed: \u001b[35mlanguages/ko.yml\u001b[39m","time":"2017-04-21T13:53:53.711Z","v":0}
{"name":"hexo","hostname":"ubuntu","pid":30074,"level":20,"msg":"Processed: \u001b[35mlanguages/pt-BR.yml\u001b[39m","time":"2017-04-21T13:53:53.711Z","v":0}
{"name":"hexo","hostname":"ubuntu","pid":30074,"level":20,"msg":"Processed: \u001b[35mlanguages/pt.yml\u001b[39m","time":"2017-04-21T13:53:53.711Z","v":0}
{"name":"hexo","hostname":"ubuntu","pid":30074,"level":20,"msg":"Processed: \u001b[35mlanguages/ru.yml\u001b[39m","time":"2017-04-21T13:53:53.712Z","v":0}
{"name":"hexo","hostname":"ubuntu","pid":30074,"level":20,"msg":"Processed: \u001b[35mlanguages/zh-Hans.yml\u001b[39m","time":"2017-04-21T13:53:53.712Z","v":0}
{"name":"hexo","hostname":"ubuntu","pid":30074,"level":20,"msg":"Processed: \u001b[35mlanguages/zh-hk.yml\u001b[39m","time":"2017-04-21T13:53:53.713Z","v":0}
{"name":"hexo","hostname":"ubuntu","pid":30074,"level":20,"msg":"Processed: \u001b[35mlanguages/zh-tw.yml\u001b[39m","time":"2017-04-21T13:53:53.713Z","v":0}
{"name":"hexo","hostname":"ubuntu","pid":30074,"level":20,"msg":"Processed: \u001b[35mtags/index.md\u001b[39m","time":"2017-04-21T13:53:53.715Z","v":0}
{"name":"hexo","hostname":"ubuntu","pid":30074,"level":20,"msg":"Processed: \u001b[35m_posts/IPaddress.md\u001b[39m","time":"2017-04-21T13:53:53.723Z","v":0}
{"name":"hexo","hostname":"ubuntu","pid":30074,"level":20,"msg":"Processed: \u001b[35m_posts/RPIHexo.md\u001b[39m","time":"2017-04-21T13:53:53.733Z","v":0}
{"name":"hexo","hostname":"ubuntu","pid":30074,"level":20,"msg":"Processed: \u001b[35m_posts/Travis-CI_Builds_Hexo.md\u001b[39m","time":"2017-04-21T13:53:53.741Z","v":0}
{"name":"hexo","hostname":"ubuntu","pid":30074,"level":20,"msg":"Processed: \u001b[35m_posts/autorun.md\u001b[39m","time":"2017-04-21T13:53:53.746Z","v":0}
{"name":"hexo","hostname":"ubuntu","pid":30074,"level":20,"msg":"Processed: \u001b[35m_posts/installsamba.md\u001b[39m","time":"2017-04-21T13:53:53.748Z","v":0}
{"name":"hexo","hostname":"ubuntu","pid":30074,"level":20,"msg":"Processed: \u001b[35m_posts/markdown.md\u001b[39m","time":"2017-04-21T13:53:53.750Z","v":0}
{"name":"hexo","hostname":"ubuntu","pid":30074,"level":20,"msg":"Processed: \u001b[35m_posts/qrcodelcd5110.md\u001b[39m","time":"2017-04-21T13:53:53.754Z","v":0}
{"name":"hexo","hostname":"ubuntu","pid":30074,"level":20,"msg":"Processed: \u001b[35m_posts/raspihsk.md\u001b[39m","time":"2017-04-21T13:53:53.755Z","v":0}
{"name":"hexo","hostname":"ubuntu","pid":30074,"level":20,"msg":"Processed: \u001b[35msource/js/src/affix.js\u001b[39m","time":"2017-04-21T13:53:53.758Z","v":0}
{"name":"hexo","hostname":"ubuntu","pid":30074,"level":20,"msg":"Processed: \u001b[35msource/js/src/algolia-search.js\u001b[39m","time":"2017-04-21T13:53:53.758Z","v":0}
{"name":"hexo","hostname":"ubuntu","pid":30074,"level":20,"msg":"Processed: \u001b[35msource/js/src/bootstrap.js\u001b[39m","time":"2017-04-21T13:53:53.759Z","v":0}
{"name":"hexo","hostname":"ubuntu","pid":30074,"level":20,"msg":"Processed: \u001b[35msource/js/src/exturl.js\u001b[39m","time":"2017-04-21T13:53:53.760Z","v":0}
{"name":"hexo","hostname":"ubuntu","pid":30074,"level":20,"msg":"Processed: \u001b[35msource/js/src/hook-duoshuo.js\u001b[39m","time":"2017-04-21T13:53:53.760Z","v":0}
{"name":"hexo","hostname":"ubuntu","pid":30074,"level":20,"msg":"Processed: \u001b[35msource/js/src/js.cookie.js\u001b[39m","time":"2017-04-21T13:53:53.760Z","v":0}
{"name":"hexo","hostname":"ubuntu","pid":30074,"level":20,"msg":"Processed: \u001b[35msource/js/src/motion.js\u001b[39m","time":"2017-04-21T13:53:53.761Z","v":0}
{"name":"hexo","hostname":"ubuntu","pid":30074,"level":20,"msg":"Processed: \u001b[35msource/js/src/post-details.js\u001b[39m","time":"2017-04-21T13:53:53.762Z","v":0}
{"name":"hexo","hostname":"ubuntu","pid":30074,"level":20,"msg":"Processed: \u001b[35msource/js/src/scroll-cookie.js\u001b[39m","time":"2017-04-21T13:53:53.762Z","v":0}
{"name":"hexo","hostname":"ubuntu","pid":30074,"level":20,"msg":"Processed: \u001b[35msource/js/src/scrollspy.js\u001b[39m","time":"2017-04-21T13:53:53.763Z","v":0}
{"name":"hexo","hostname":"ubuntu","pid":30074,"level":20,"msg":"Processed: \u001b[35msource/js/src/utils.js\u001b[39m","time":"2017-04-21T13:53:53.763Z","v":0}
{"name":"hexo","hostname":"ubuntu","pid":30074,"level":20,"msg":"Processed: \u001b[35msource/lib/algolia-instant-search/instantsearch.min.css\u001b[39m","time":"2017-04-21T13:53:53.763Z","v":0}
{"name":"hexo","hostname":"ubuntu","pid":30074,"level":20,"msg":"Processed: \u001b[35msource/lib/canvas-nest/canvas-nest.min.js\u001b[39m","time":"2017-04-21T13:53:53.763Z","v":0}
{"name":"hexo","hostname":"ubuntu","pid":30074,"level":20,"msg":"Processed: \u001b[35msource/lib/canvas-ribbon/canvas-ribbon.js\u001b[39m","time":"2017-04-21T13:53:53.764Z","v":0}
{"name":"hexo","hostname":"ubuntu","pid":30074,"level":20,"msg":"Processed: \u001b[35msource/lib/fastclick/LICENSE\u001b[39m","time":"2017-04-21T13:53:53.764Z","v":0}
{"name":"hexo","hostname":"ubuntu","pid":30074,"level":20,"msg":"Processed: \u001b[35msource/lib/fastclick/README.md\u001b[39m","time":"2017-04-21T13:53:53.765Z","v":0}
{"name":"hexo","hostname":"ubuntu","pid":30074,"level":20,"msg":"Processed: \u001b[35msource/lib/fastclick/bower.json\u001b[39m","time":"2017-04-21T13:53:53.765Z","v":0}
{"name":"hexo","hostname":"ubuntu","pid":30074,"level":20,"msg":"Processed: \u001b[35msource/lib/font-awesome/HELP-US-OUT.txt\u001b[39m","time":"2017-04-21T13:53:53.765Z","v":0}
{"name":"hexo","hostname":"ubuntu","pid":30074,"level":20,"msg":"Processed: \u001b[35msource/lib/font-awesome/bower.json\u001b[39m","time":"2017-04-21T13:53:53.766Z","v":0}
{"name":"hexo","hostname":"ubuntu","pid":30074,"level":20,"msg":"Processed: \u001b[35msource/lib/jquery_lazyload/CONTRIBUTING.md\u001b[39m","time":"2017-04-21T13:53:53.766Z","v":0}
{"name":"hexo","hostname":"ubuntu","pid":30074,"level":20,"msg":"Processed: \u001b[35msource/lib/jquery_lazyload/README.md\u001b[39m","time":"2017-04-21T13:53:53.768Z","v":0}
{"name":"hexo","hostname":"ubuntu","pid":30074,"level":20,"msg":"Processed: \u001b[35msource/lib/jquery_lazyload/bower.json\u001b[39m","time":"2017-04-21T13:53:53.768Z","v":0}
{"name":"hexo","hostname":"ubuntu","pid":30074,"level":20,"msg":"Processed: \u001b[35msource/lib/jquery_lazyload/jquery.lazyload.js\u001b[39m","time":"2017-04-21T13:53:53.769Z","v":0}
{"name":"hexo","hostname":"ubuntu","pid":30074,"level":20,"msg":"Processed: \u001b[35msource/lib/jquery_lazyload/jquery.scrollstop.js\u001b[39m","time":"2017-04-21T13:53:53.769Z","v":0}
{"name":"hexo","hostname":"ubuntu","pid":30074,"level":20,"msg":"Processed: \u001b[35msource/lib/three/canvas_lines.min.js\u001b[39m","time":"2017-04-21T13:53:53.769Z","v":0}
{"name":"hexo","hostname":"ubuntu","pid":30074,"level":20,"msg":"Processed: \u001b[35msource/lib/three/canvas_sphere.min.js\u001b[39m","time":"2017-04-21T13:53:53.770Z","v":0}
{"name":"hexo","hostname":"ubuntu","pid":30074,"level":20,"msg":"Processed: \u001b[35msource/lib/three/three-waves.min.js\u001b[39m","time":"2017-04-21T13:53:53.771Z","v":0}
{"name":"hexo","hostname":"ubuntu","pid":30074,"level":20,"msg":"Processed: \u001b[35msource/lib/velocity/bower.json\u001b[39m","time":"2017-04-21T13:53:53.771Z","v":0}
{"name":"hexo","hostname":"ubuntu","pid":30074,"level":20,"msg":"Processed: \u001b[35msource/lib/velocity/velocity.min.js\u001b[39m","time":"2017-04-21T13:53:53.771Z","v":0}
{"name":"hexo","hostname":"ubuntu","pid":30074,"level":20,"msg":"Processed: \u001b[35msource/lib/velocity/velocity.ui.js\u001b[39m","time":"2017-04-21T13:53:53.771Z","v":0}
{"name":"hexo","hostname":"ubuntu","pid":30074,"level":20,"msg":"Processed: \u001b[35msource/lib/velocity/velocity.ui.min.js\u001b[39m","time":"2017-04-21T13:53:53.771Z","v":0}
{"name":"hexo","hostname":"ubuntu","pid":30074,"level":20,"msg":"Processed: \u001b[35msource/lib/jquery/index.js\u001b[39m","time":"2017-04-21T13:53:53.795Z","v":0}
{"name":"hexo","hostname":"ubuntu","pid":30074,"level":20,"msg":"Processed: \u001b[35mlayout/_custom/header.swig\u001b[39m","time":"2017-04-21T13:53:53.852Z","v":0}
{"name":"hexo","hostname":"ubuntu","pid":30074,"level":20,"msg":"Processed: \u001b[35mlayout/_custom/sidebar.swig\u001b[39m","time":"2017-04-21T13:53:53.852Z","v":0}
{"name":"hexo","hostname":"ubuntu","pid":30074,"level":20,"msg":"Processed: \u001b[35mlayout/_macro/post-collapse.swig\u001b[39m","time":"2017-04-21T13:53:53.852Z","v":0}
{"name":"hexo","hostname":"ubuntu","pid":30074,"level":20,"msg":"Processed: \u001b[35mlayout/_macro/post-copyright.swig\u001b[39m","time":"2017-04-21T13:53:53.852Z","v":0}
{"name":"hexo","hostname":"ubuntu","pid":30074,"level":20,"msg":"Processed: \u001b[35mlayout/_macro/post.swig\u001b[39m","time":"2017-04-21T13:53:53.852Z","v":0}
{"name":"hexo","hostname":"ubuntu","pid":30074,"level":20,"msg":"Processed: \u001b[35mlayout/_macro/reward.swig\u001b[39m","time":"2017-04-21T13:53:53.853Z","v":0}
{"name":"hexo","hostname":"ubuntu","pid":30074,"level":20,"msg":"Processed: \u001b[35mlayout/_macro/sidebar.swig\u001b[39m","time":"2017-04-21T13:53:53.853Z","v":0}
{"name":"hexo","hostname":"ubuntu","pid":30074,"level":20,"msg":"Processed: \u001b[35mlayout/_macro/wechat-subscriber.swig\u001b[39m","time":"2017-04-21T13:53:53.853Z","v":0}
{"name":"hexo","hostname":"ubuntu","pid":30074,"level":20,"msg":"Processed: \u001b[35mlayout/_partials/comments.swig\u001b[39m","time":"2017-04-21T13:53:53.853Z","v":0}
{"name":"hexo","hostname":"ubuntu","pid":30074,"level":20,"msg":"Processed: \u001b[35mlayout/_partials/footer.swig\u001b[39m","time":"2017-04-21T13:53:53.853Z","v":0}
{"name":"hexo","hostname":"ubuntu","pid":30074,"level":20,"msg":"Processed: \u001b[35mlayout/_partials/head.swig\u001b[39m","time":"2017-04-21T13:53:53.853Z","v":0}
{"name":"hexo","hostname":"ubuntu","pid":30074,"level":20,"msg":"Processed: \u001b[35mlayout/_partials/header.swig\u001b[39m","time":"2017-04-21T13:53:53.853Z","v":0}
{"name":"hexo","hostname":"ubuntu","pid":30074,"level":20,"msg":"Processed: \u001b[35mlayout/_partials/page-header.swig\u001b[39m","time":"2017-04-21T13:53:53.854Z","v":0}
{"name":"hexo","hostname":"ubuntu","pid":30074,"level":20,"msg":"Processed: \u001b[35mlayout/_partials/pagination.swig\u001b[39m","time":"2017-04-21T13:53:53.854Z","v":0}
{"name":"hexo","hostname":"ubuntu","pid":30074,"level":20,"msg":"Processed: \u001b[35mlayout/_partials/search.swig\u001b[39m","time":"2017-04-21T13:53:53.854Z","v":0}
{"name":"hexo","hostname":"ubuntu","pid":30074,"level":20,"msg":"Processed: \u001b[35mlayout/_scripts/boostrap.swig\u001b[39m","time":"2017-04-21T13:53:53.854Z","v":0}
{"name":"hexo","hostname":"ubuntu","pid":30074,"level":20,"msg":"Processed: \u001b[35mlayout/_scripts/commons.swig\u001b[39m","time":"2017-04-21T13:53:53.854Z","v":0}
{"name":"hexo","hostname":"ubuntu","pid":30074,"level":20,"msg":"Processed: \u001b[35mlayout/_scripts/vendors.swig\u001b[39m","time":"2017-04-21T13:53:53.854Z","v":0}
{"name":"hexo","hostname":"ubuntu","pid":30074,"level":20,"msg":"Processed: \u001b[35mlayout/_third-party/duoshuo-hot-articles.swig\u001b[39m","time":"2017-04-21T13:53:53.854Z","v":0}
{"name":"hexo","hostname":"ubuntu","pid":30074,"level":20,"msg":"Processed: \u001b[35mlayout/_third-party/exturl.swig\u001b[39m","time":"2017-04-21T13:53:53.854Z","v":0}
{"name":"hexo","hostname":"ubuntu","pid":30074,"level":20,"msg":"Processed: \u001b[35mlayout/_third-party/mathjax.swig\u001b[39m","time":"2017-04-21T13:53:53.855Z","v":0}
{"name":"hexo","hostname":"ubuntu","pid":30074,"level":20,"msg":"Processed: \u001b[35mlayout/_third-party/schedule.swig\u001b[39m","time":"2017-04-21T13:53:53.855Z","v":0}
{"name":"hexo","hostname":"ubuntu","pid":30074,"level":20,"msg":"Processed: \u001b[35mlayout/_third-party/scroll-cookie.swig\u001b[39m","time":"2017-04-21T13:53:53.855Z","v":0}
{"name":"hexo","hostname":"ubuntu","pid":30074,"level":20,"msg":"Processed: \u001b[35msource/js/src/schemes/pisces.js\u001b[39m","time":"2017-04-21T13:53:53.861Z","v":0}
{"name":"hexo","hostname":"ubuntu","pid":30074,"level":20,"msg":"Processed: \u001b[35msource/lib/Han/dist/han.min.css\u001b[39m","time":"2017-04-21T13:53:53.861Z","v":0}
{"name":"hexo","hostname":"ubuntu","pid":30074,"level":20,"msg":"Processed: \u001b[35msource/lib/Han/dist/han.min.js\u001b[39m","time":"2017-04-21T13:53:53.861Z","v":0}
{"name":"hexo","hostname":"ubuntu","pid":30074,"level":20,"msg":"Processed: \u001b[35msource/lib/fancybox/source/blank.gif\u001b[39m","time":"2017-04-21T13:53:53.862Z","v":0}
{"name":"hexo","hostname":"ubuntu","pid":30074,"level":20,"msg":"Processed: \u001b[35msource/lib/fancybox/source/fancybox_loading.gif\u001b[39m","time":"2017-04-21T13:53:53.862Z","v":0}
{"name":"hexo","hostname":"ubuntu","pid":30074,"level":20,"msg":"Processed: \u001b[35msource/lib/fancybox/source/fancybox_loading@2x.gif\u001b[39m","time":"2017-04-21T13:53:53.862Z","v":0}
{"name":"hexo","hostname":"ubuntu","pid":30074,"level":20,"msg":"Processed: \u001b[35msource/lib/fancybox/source/fancybox_overlay.png\u001b[39m","time":"2017-04-21T13:53:53.863Z","v":0}
{"name":"hexo","hostname":"ubuntu","pid":30074,"level":20,"msg":"Processed: \u001b[35msource/lib/fancybox/source/fancybox_sprite.png\u001b[39m","time":"2017-04-21T13:53:53.863Z","v":0}
{"name":"hexo","hostname":"ubuntu","pid":30074,"level":20,"msg":"Processed: \u001b[35msource/lib/fancybox/source/fancybox_sprite@2x.png\u001b[39m","time":"2017-04-21T13:53:53.865Z","v":0}
{"name":"hexo","hostname":"ubuntu","pid":30074,"level":20,"msg":"Processed: \u001b[35msource/lib/fancybox/source/jquery.fancybox.css\u001b[39m","time":"2017-04-21T13:53:53.865Z","v":0}
{"name":"hexo","hostname":"ubuntu","pid":30074,"level":20,"msg":"Processed: \u001b[35msource/lib/fancybox/source/jquery.fancybox.js\u001b[39m","time":"2017-04-21T13:53:53.868Z","v":0}
{"name":"hexo","hostname":"ubuntu","pid":30074,"level":20,"msg":"Processed: \u001b[35msource/lib/fancybox/source/jquery.fancybox.pack.js\u001b[39m","time":"2017-04-21T13:53:53.868Z","v":0}
{"name":"hexo","hostname":"ubuntu","pid":30074,"level":20,"msg":"Processed: \u001b[35msource/lib/fastclick/lib/fastclick.js\u001b[39m","time":"2017-04-21T13:53:53.868Z","v":0}
{"name":"hexo","hostname":"ubuntu","pid":30074,"level":20,"msg":"Processed: \u001b[35msource/lib/fastclick/lib/fastclick.min.js\u001b[39m","time":"2017-04-21T13:53:53.868Z","v":0}
{"name":"hexo","hostname":"ubuntu","pid":30074,"level":20,"msg":"Processed: \u001b[35msource/lib/font-awesome/css/font-awesome.css\u001b[39m","time":"2017-04-21T13:53:53.869Z","v":0}
{"name":"hexo","hostname":"ubuntu","pid":30074,"level":20,"msg":"Processed: \u001b[35msource/lib/font-awesome/css/font-awesome.css.map\u001b[39m","time":"2017-04-21T13:53:53.869Z","v":0}
{"name":"hexo","hostname":"ubuntu","pid":30074,"level":20,"msg":"Processed: \u001b[35msource/lib/font-awesome/css/font-awesome.min.css\u001b[39m","time":"2017-04-21T13:53:53.869Z","v":0}
{"name":"hexo","hostname":"ubuntu","pid":30074,"level":20,"msg":"Processed: \u001b[35msource/lib/ua-parser-js/dist/ua-parser.min.js\u001b[39m","time":"2017-04-21T13:53:53.869Z","v":0}
{"name":"hexo","hostname":"ubuntu","pid":30074,"level":20,"msg":"Processed: \u001b[35msource/lib/ua-parser-js/dist/ua-parser.pack.js\u001b[39m","time":"2017-04-21T13:53:53.870Z","v":0}
{"name":"hexo","hostname":"ubuntu","pid":30074,"level":20,"msg":"Processed: \u001b[35mlayout/_scripts/schemes/mist.swig\u001b[39m","time":"2017-04-21T13:53:53.876Z","v":0}
{"name":"hexo","hostname":"ubuntu","pid":30074,"level":20,"msg":"Processed: \u001b[35mlayout/_scripts/schemes/muse.swig\u001b[39m","time":"2017-04-21T13:53:53.876Z","v":0}
{"name":"hexo","hostname":"ubuntu","pid":30074,"level":20,"msg":"Processed: \u001b[35msource/lib/Han/dist/han.css\u001b[39m","time":"2017-04-21T13:53:53.876Z","v":0}
{"name":"hexo","hostname":"ubuntu","pid":30074,"level":20,"msg":"Processed: \u001b[35msource/lib/Han/dist/han.js\u001b[39m","time":"2017-04-21T13:53:53.876Z","v":0}
{"name":"hexo","hostname":"ubuntu","pid":30074,"level":20,"msg":"Processed: \u001b[35msource/lib/font-awesome/fonts/fontawesome-webfont.woff\u001b[39m","time":"2017-04-21T13:53:53.877Z","v":0}
{"name":"hexo","hostname":"ubuntu","pid":30074,"level":20,"msg":"Processed: \u001b[35msource/lib/font-awesome/fonts/fontawesome-webfont.woff2\u001b[39m","time":"2017-04-21T13:53:53.877Z","v":0}
{"name":"hexo","hostname":"ubuntu","pid":30074,"level":20,"msg":"Processed: \u001b[35msource/lib/velocity/velocity.js\u001b[39m","time":"2017-04-21T13:53:53.877Z","v":0}
{"name":"hexo","hostname":"ubuntu","pid":30074,"level":20,"msg":"Processed: \u001b[35mlayout/_partials/head/custom-head.swig\u001b[39m","time":"2017-04-21T13:53:53.908Z","v":0}
{"name":"hexo","hostname":"ubuntu","pid":30074,"level":20,"msg":"Processed: \u001b[35mlayout/_partials/head/external-fonts.swig\u001b[39m","time":"2017-04-21T13:53:53.908Z","v":0}
{"name":"hexo","hostname":"ubuntu","pid":30074,"level":20,"msg":"Processed: \u001b[35mlayout/_partials/search/localsearch.swig\u001b[39m","time":"2017-04-21T13:53:53.908Z","v":0}
{"name":"hexo","hostname":"ubuntu","pid":30074,"level":20,"msg":"Processed: \u001b[35mlayout/_partials/search/swiftype.swig\u001b[39m","time":"2017-04-21T13:53:53.908Z","v":0}
{"name":"hexo","hostname":"ubuntu","pid":30074,"level":20,"msg":"Processed: \u001b[35mlayout/_partials/search/tinysou.swig\u001b[39m","time":"2017-04-21T13:53:53.908Z","v":0}
{"name":"hexo","hostname":"ubuntu","pid":30074,"level":20,"msg":"Processed: \u001b[35mlayout/_partials/share/add-this.swig\u001b[39m","time":"2017-04-21T13:53:53.908Z","v":0}
{"name":"hexo","hostname":"ubuntu","pid":30074,"level":20,"msg":"Processed: \u001b[35mlayout/_partials/share/baidushare.swig\u001b[39m","time":"2017-04-21T13:53:53.908Z","v":0}
{"name":"hexo","hostname":"ubuntu","pid":30074,"level":20,"msg":"Processed: \u001b[35mlayout/_partials/share/duoshuo_share.swig\u001b[39m","time":"2017-04-21T13:53:53.908Z","v":0}
{"name":"hexo","hostname":"ubuntu","pid":30074,"level":20,"msg":"Processed: \u001b[35mlayout/_partials/share/jiathis.swig\u001b[39m","time":"2017-04-21T13:53:53.909Z","v":0}
{"name":"hexo","hostname":"ubuntu","pid":30074,"level":20,"msg":"Processed: \u001b[35mlayout/_scripts/pages/post-details.swig\u001b[39m","time":"2017-04-21T13:53:53.909Z","v":0}
{"name":"hexo","hostname":"ubuntu","pid":30074,"level":20,"msg":"Processed: \u001b[35mlayout/_scripts/schemes/pisces.swig\u001b[39m","time":"2017-04-21T13:53:53.909Z","v":0}
{"name":"hexo","hostname":"ubuntu","pid":30074,"level":20,"msg":"Processed: \u001b[35mlayout/_third-party/analytics/application-insights.swig\u001b[39m","time":"2017-04-21T13:53:53.909Z","v":0}
{"name":"hexo","hostname":"ubuntu","pid":30074,"level":20,"msg":"Processed: \u001b[35mlayout/_third-party/analytics/baidu-analytics.swig\u001b[39m","time":"2017-04-21T13:53:53.909Z","v":0}
{"name":"hexo","hostname":"ubuntu","pid":30074,"level":20,"msg":"Processed: \u001b[35mlayout/_third-party/analytics/busuanzi-counter.swig\u001b[39m","time":"2017-04-21T13:53:53.909Z","v":0}
{"name":"hexo","hostname":"ubuntu","pid":30074,"level":20,"msg":"Processed: \u001b[35mlayout/_third-party/analytics/cnzz-analytics.swig\u001b[39m","time":"2017-04-21T13:53:53.909Z","v":0}
{"name":"hexo","hostname":"ubuntu","pid":30074,"level":20,"msg":"Processed: \u001b[35mlayout/_third-party/analytics/facebook-sdk.swig\u001b[39m","time":"2017-04-21T13:53:53.909Z","v":0}
{"name":"hexo","hostname":"ubuntu","pid":30074,"level":20,"msg":"Processed: \u001b[35mlayout/_third-party/analytics/google-analytics.swig\u001b[39m","time":"2017-04-21T13:53:53.909Z","v":0}
{"name":"hexo","hostname":"ubuntu","pid":30074,"level":20,"msg":"Processed: \u001b[35mlayout/_third-party/analytics/index.swig\u001b[39m","time":"2017-04-21T13:53:53.909Z","v":0}
{"name":"hexo","hostname":"ubuntu","pid":30074,"level":20,"msg":"Processed: \u001b[35mlayout/_third-party/analytics/lean-analytics.swig\u001b[39m","time":"2017-04-21T13:53:53.912Z","v":0}
{"name":"hexo","hostname":"ubuntu","pid":30074,"level":20,"msg":"Processed: \u001b[35mlayout/_third-party/analytics/tencent-analytics.swig\u001b[39m","time":"2017-04-21T13:53:53.912Z","v":0}
{"name":"hexo","hostname":"ubuntu","pid":30074,"level":20,"msg":"Processed: \u001b[35mlayout/_third-party/analytics/tencent-mta.swig\u001b[39m","time":"2017-04-21T13:53:53.912Z","v":0}
{"name":"hexo","hostname":"ubuntu","pid":30074,"level":20,"msg":"Processed: \u001b[35mlayout/_third-party/analytics/vkontakte-api.swig\u001b[39m","time":"2017-04-21T13:53:53.913Z","v":0}
{"name":"hexo","hostname":"ubuntu","pid":30074,"level":20,"msg":"Processed: \u001b[35mlayout/_third-party/comments/changyan.swig\u001b[39m","time":"2017-04-21T13:53:53.913Z","v":0}
{"name":"hexo","hostname":"ubuntu","pid":30074,"level":20,"msg":"Processed: \u001b[35mlayout/_third-party/comments/disqus.swig\u001b[39m","time":"2017-04-21T13:53:53.913Z","v":0}
{"name":"hexo","hostname":"ubuntu","pid":30074,"level":20,"msg":"Processed: \u001b[35mlayout/_third-party/comments/duoshuo.swig\u001b[39m","time":"2017-04-21T13:53:53.913Z","v":0}
{"name":"hexo","hostname":"ubuntu","pid":30074,"level":20,"msg":"Processed: \u001b[35mlayout/_third-party/comments/gentie.swig\u001b[39m","time":"2017-04-21T13:53:53.914Z","v":0}
{"name":"hexo","hostname":"ubuntu","pid":30074,"level":20,"msg":"Processed: \u001b[35mlayout/_third-party/comments/hypercomments.swig\u001b[39m","time":"2017-04-21T13:53:53.914Z","v":0}
{"name":"hexo","hostname":"ubuntu","pid":30074,"level":20,"msg":"Processed: \u001b[35mlayout/_third-party/comments/index.swig\u001b[39m","time":"2017-04-21T13:53:53.914Z","v":0}
{"name":"hexo","hostname":"ubuntu","pid":30074,"level":20,"msg":"Processed: \u001b[35mlayout/_third-party/comments/livere.swig\u001b[39m","time":"2017-04-21T13:53:53.914Z","v":0}
{"name":"hexo","hostname":"ubuntu","pid":30074,"level":20,"msg":"Processed: \u001b[35mlayout/_third-party/comments/youyan.swig\u001b[39m","time":"2017-04-21T13:53:53.914Z","v":0}
{"name":"hexo","hostname":"ubuntu","pid":30074,"level":20,"msg":"Processed: \u001b[35mlayout/_third-party/search/index.swig\u001b[39m","time":"2017-04-21T13:53:53.914Z","v":0}
{"name":"hexo","hostname":"ubuntu","pid":30074,"level":20,"msg":"Processed: \u001b[35mlayout/_third-party/search/localsearch.swig\u001b[39m","time":"2017-04-21T13:53:53.914Z","v":0}
{"name":"hexo","hostname":"ubuntu","pid":30074,"level":20,"msg":"Processed: \u001b[35mlayout/_third-party/search/tinysou.swig\u001b[39m","time":"2017-04-21T13:53:53.914Z","v":0}
{"name":"hexo","hostname":"ubuntu","pid":30074,"level":20,"msg":"Processed: \u001b[35mlayout/_third-party/seo/baidu-push.swig\u001b[39m","time":"2017-04-21T13:53:53.915Z","v":0}
{"name":"hexo","hostname":"ubuntu","pid":30074,"level":20,"msg":"Processed: \u001b[35msource/lib/Han/dist/font/han-space.otf\u001b[39m","time":"2017-04-21T13:53:53.920Z","v":0}
{"name":"hexo","hostname":"ubuntu","pid":30074,"level":20,"msg":"Processed: \u001b[35msource/lib/Han/dist/font/han-space.woff\u001b[39m","time":"2017-04-21T13:53:53.920Z","v":0}
{"name":"hexo","hostname":"ubuntu","pid":30074,"level":20,"msg":"Processed: \u001b[35msource/lib/Han/dist/font/han.otf\u001b[39m","time":"2017-04-21T13:53:53.920Z","v":0}
{"name":"hexo","hostname":"ubuntu","pid":30074,"level":20,"msg":"Processed: \u001b[35msource/lib/Han/dist/font/han.woff\u001b[39m","time":"2017-04-21T13:53:53.921Z","v":0}
{"name":"hexo","hostname":"ubuntu","pid":30074,"level":20,"msg":"Processed: \u001b[35msource/lib/fancybox/source/helpers/fancybox_buttons.png\u001b[39m","time":"2017-04-21T13:53:53.921Z","v":0}
{"name":"hexo","hostname":"ubuntu","pid":30074,"level":20,"msg":"Processed: \u001b[35msource/lib/fancybox/source/helpers/jquery.fancybox-buttons.css\u001b[39m","time":"2017-04-21T13:53:53.921Z","v":0}
{"name":"hexo","hostname":"ubuntu","pid":30074,"level":20,"msg":"Processed: \u001b[35msource/lib/fancybox/source/helpers/jquery.fancybox-buttons.js\u001b[39m","time":"2017-04-21T13:53:53.921Z","v":0}
{"name":"hexo","hostname":"ubuntu","pid":30074,"level":20,"msg":"Processed: \u001b[35msource/lib/fancybox/source/helpers/jquery.fancybox-media.js\u001b[39m","time":"2017-04-21T13:53:53.922Z","v":0}
{"name":"hexo","hostname":"ubuntu","pid":30074,"level":20,"msg":"Processed: \u001b[35msource/lib/fancybox/source/helpers/jquery.fancybox-thumbs.css\u001b[39m","time":"2017-04-21T13:53:53.922Z","v":0}
{"name":"hexo","hostname":"ubuntu","pid":30074,"level":20,"msg":"Processed: \u001b[35msource/lib/fancybox/source/helpers/jquery.fancybox-thumbs.js\u001b[39m","time":"2017-04-21T13:53:53.922Z","v":0}
{"name":"hexo","hostname":"ubuntu","pid":30074,"level":20,"msg":"Processed: \u001b[35msource/lib/font-awesome/fonts/FontAwesome.otf\u001b[39m","time":"2017-04-21T13:53:53.922Z","v":0}
{"name":"hexo","hostname":"ubuntu","pid":30074,"level":20,"msg":"Processed: \u001b[35msource/lib/font-awesome/fonts/fontawesome-webfont.eot\u001b[39m","time":"2017-04-21T13:53:53.923Z","v":0}
{"name":"hexo","hostname":"ubuntu","pid":30074,"level":20,"msg":"Processed: \u001b[35msource/lib/font-awesome/fonts/fontawesome-webfont.ttf\u001b[39m","time":"2017-04-21T13:53:53.923Z","v":0}
{"name":"hexo","hostname":"ubuntu","pid":30074,"level":20,"msg":"Processed: \u001b[35mlayout/_third-party/search/algolia-search/assets.swig\u001b[39m","time":"2017-04-21T13:53:53.926Z","v":0}
{"name":"hexo","hostname":"ubuntu","pid":30074,"level":20,"msg":"Processed: \u001b[35mlayout/_third-party/search/algolia-search/dom.swig\u001b[39m","time":"2017-04-21T13:53:53.926Z","v":0}
{"name":"hexo","hostname":"ubuntu","pid":30074,"level":20,"msg":"Processed: \u001b[35msource/lib/algolia-instant-search/instantsearch.min.js\u001b[39m","time":"2017-04-21T13:53:53.927Z","v":0}
{"name":"hexo","hostname":"ubuntu","pid":30074,"level":20,"msg":"Processed: \u001b[35msource/lib/three/three.min.js\u001b[39m","time":"2017-04-21T13:53:53.927Z","v":0}
{"name":"hexo","hostname":"ubuntu","pid":30074,"level":20,"msg":"Processed: \u001b[35msource/lib/font-awesome/fonts/fontawesome-webfont.svg\u001b[39m","time":"2017-04-21T13:53:53.928Z","v":0}
{"name":"hexo","hostname":"ubuntu","pid":30074,"level":20,"msg":"Generator: \u001b[35mpage\u001b[39m","time":"2017-04-21T13:53:54.227Z","v":0}
{"name":"hexo","hostname":"ubuntu","pid":30074,"level":20,"msg":"Generator: \u001b[35mpost\u001b[39m","time":"2017-04-21T13:53:54.227Z","v":0}
{"name":"hexo","hostname":"ubuntu","pid":30074,"level":20,"msg":"Generator: \u001b[35marchive\u001b[39m","time":"2017-04-21T13:53:54.227Z","v":0}
{"name":"hexo","hostname":"ubuntu","pid":30074,"level":20,"msg":"Generator: \u001b[35mcategory\u001b[39m","time":"2017-04-21T13:53:54.228Z","v":0}
{"name":"hexo","hostname":"ubuntu","pid":30074,"level":20,"msg":"Generator: \u001b[35mindex\u001b[39m","time":"2017-04-21T13:53:54.228Z","v":0}
{"name":"hexo","hostname":"ubuntu","pid":30074,"level":20,"msg":"Generator: \u001b[35mtag\u001b[39m","time":"2017-04-21T13:53:54.228Z","v":0}
{"name":"hexo","hostname":"ubuntu","pid":30074,"level":20,"msg":"Generator: \u001b[35masset\u001b[39m","time":"2017-04-21T13:53:54.230Z","v":0}
{"name":"hexo","hostname":"ubuntu","pid":30074,"level":30,"msg":"Hexo is running at \u001b[4mhttp://localhost:4000/\u001b[24m. Press Ctrl+C to stop.","time":"2017-04-21T13:53:54.239Z","v":0}
{"name":"hexo","hostname":"ubuntu","pid":30074,"level":20,"msg":"Database saved","time":"2017-04-21T13:53:54.252Z","v":0}
{"name":"hexo","hostname":"ubuntu","pid":30074,"level":20,"msg":"Rendering index: \u001b[35mindex.html\u001b[39m","time":"2017-04-21T13:54:04.104Z","v":0}
{"name":"hexo","hostname":"ubuntu","pid":30074,"level":20,"msg":"Theme config loaded.","time":"2017-04-21T13:54:39.194Z","v":0}
{"name":"hexo","hostname":"ubuntu","pid":30074,"level":20,"msg":"Processed: \u001b[35m_config.yml\u001b[39m","time":"2017-04-21T13:54:39.194Z","v":0}
{"name":"hexo","hostname":"ubuntu","pid":30074,"level":20,"msg":"Generator: \u001b[35mpage\u001b[39m","time":"2017-04-21T13:54:39.308Z","v":0}
{"name":"hexo","hostname":"ubuntu","pid":30074,"level":20,"msg":"Generator: \u001b[35mpost\u001b[39m","time":"2017-04-21T13:54:39.308Z","v":0}
{"name":"hexo","hostname":"ubuntu","pid":30074,"level":20,"msg":"Generator: \u001b[35marchive\u001b[39m","time":"2017-04-21T13:54:39.308Z","v":0}
{"name":"hexo","hostname":"ubuntu","pid":30074,"level":20,"msg":"Generator: \u001b[35mcategory\u001b[39m","time":"2017-04-21T13:54:39.308Z","v":0}
{"name":"hexo","hostname":"ubuntu","pid":30074,"level":20,"msg":"Generator: \u001b[35mindex\u001b[39m","time":"2017-04-21T13:54:39.308Z","v":0}
{"name":"hexo","hostname":"ubuntu","pid":30074,"level":20,"msg":"Generator: \u001b[35mtag\u001b[39m","time":"2017-04-21T13:54:39.309Z","v":0}
{"name":"hexo","hostname":"ubuntu","pid":30074,"level":20,"msg":"Generator: \u001b[35masset\u001b[39m","time":"2017-04-21T13:54:39.312Z","v":0}
{"name":"hexo","hostname":"ubuntu","pid":30074,"level":20,"msg":"Rendering index: \u001b[35mindex.html\u001b[39m","time":"2017-04-21T13:54:50.801Z","v":0}
{"name":"hexo","hostname":"ubuntu","pid":30074,"level":30,"msg":"Bye!","time":"2017-04-21T13:55:14.532Z","v":0}
{"name":"hexo","hostname":"ubuntu","pid":30074,"level":20,"msg":"Database saved","time":"2017-04-21T13:55:14.547Z","v":0}
{"name":"hexo","hostname":"ubuntu","pid":30143,"level":20,"msg":"Hexo version: \u001b[35m3.3.1\u001b[39m","time":"2017-04-21T13:55:16.962Z","v":0}
{"name":"hexo","hostname":"ubuntu","pid":30143,"level":20,"msg":"Working directory: \u001b[35m~/noob-xu.github.io/\u001b[39m","time":"2017-04-21T13:55:16.971Z","v":0}
{"name":"hexo","hostname":"ubuntu","pid":30143,"level":20,"msg":"Config loaded: \u001b[35m~/noob-xu.github.io/_config.yml\u001b[39m","time":"2017-04-21T13:55:17.060Z","v":0}
{"name":"hexo","hostname":"ubuntu","pid":30143,"level":20,"msg":"Script loaded: \u001b[35mthemes/next/scripts/merge-configs.js\u001b[39m","time":"2017-04-21T13:55:17.075Z","v":0}
{"name":"hexo","hostname":"ubuntu","pid":30143,"level":20,"msg":"Script loaded: \u001b[35mthemes/next/scripts/merge.js\u001b[39m","time":"2017-04-21T13:55:17.078Z","v":0}
{"name":"hexo","hostname":"ubuntu","pid":30143,"level":20,"msg":"Script loaded: \u001b[35mthemes/next/scripts/tags/button.js\u001b[39m","time":"2017-04-21T13:55:17.079Z","v":0}
{"name":"hexo","hostname":"ubuntu","pid":30143,"level":20,"msg":"Script loaded: \u001b[35mthemes/next/scripts/tags/center-quote.js\u001b[39m","time":"2017-04-21T13:55:17.079Z","v":0}
{"name":"hexo","hostname":"ubuntu","pid":30143,"level":20,"msg":"Script loaded: \u001b[35mthemes/next/scripts/tags/exturl.js\u001b[39m","time":"2017-04-21T13:55:17.080Z","v":0}
{"name":"hexo","hostname":"ubuntu","pid":30143,"level":20,"msg":"Script loaded: \u001b[35mthemes/next/scripts/tags/full-image.js\u001b[39m","time":"2017-04-21T13:55:17.080Z","v":0}
{"name":"hexo","hostname":"ubuntu","pid":30143,"level":20,"msg":"Script loaded: \u001b[35mthemes/next/scripts/tags/group-pictures.js\u001b[39m","time":"2017-04-21T13:55:17.082Z","v":0}
{"name":"hexo","hostname":"ubuntu","pid":30143,"level":20,"msg":"Script loaded: \u001b[35mthemes/next/scripts/tags/note.js\u001b[39m","time":"2017-04-21T13:55:17.082Z","v":0}
{"name":"hexo","hostname":"ubuntu","pid":30143,"level":20,"msg":"Plugin loaded: \u001b[35mhexo-generator-archive\u001b[39m","time":"2017-04-21T13:55:17.084Z","v":0}
{"name":"hexo","hostname":"ubuntu","pid":30143,"level":20,"msg":"Plugin loaded: \u001b[35mhexo-generator-category\u001b[39m","time":"2017-04-21T13:55:17.085Z","v":0}
{"name":"hexo","hostname":"ubuntu","pid":30143,"level":20,"msg":"Plugin loaded: \u001b[35mhexo-generator-index\u001b[39m","time":"2017-04-21T13:55:17.087Z","v":0}
{"name":"hexo","hostname":"ubuntu","pid":30143,"level":20,"msg":"Plugin loaded: \u001b[35mhexo-generator-tag\u001b[39m","time":"2017-04-21T13:55:17.087Z","v":0}
{"name":"hexo","hostname":"ubuntu","pid":30143,"level":20,"msg":"Plugin loaded: \u001b[35mhexo-renderer-ejs\u001b[39m","time":"2017-04-21T13:55:17.089Z","v":0}
{"name":"hexo","hostname":"ubuntu","pid":30143,"level":20,"msg":"Plugin loaded: \u001b[35mhexo-renderer-stylus\u001b[39m","time":"2017-04-21T13:55:17.091Z","v":0}
{"name":"hexo","hostname":"ubuntu","pid":30143,"level":20,"msg":"Plugin loaded: \u001b[35mhexo-renderer-marked\u001b[39m","time":"2017-04-21T13:55:17.098Z","v":0}
{"name":"hexo","hostname":"ubuntu","pid":30143,"level":20,"msg":"Plugin loaded: \u001b[35mhexo-server\u001b[39m","time":"2017-04-21T13:55:17.150Z","v":0}
{"name":"hexo","hostname":"ubuntu","pid":30143,"level":20,"msg":"Loading database.","time":"2017-04-21T13:55:17.159Z","v":0}
{"name":"hexo","hostname":"ubuntu","pid":30143,"level":30,"msg":"Start processing","time":"2017-04-21T13:55:17.248Z","v":0}
{"name":"hexo","hostname":"ubuntu","pid":30143,"level":20,"msg":"Processed: \u001b[35m_posts/IPaddress.md\u001b[39m","time":"2017-04-21T13:55:17.382Z","v":0}
{"name":"hexo","hostname":"ubuntu","pid":30143,"level":20,"msg":"Processed: \u001b[35m_posts/RPIHexo.md\u001b[39m","time":"2017-04-21T13:55:17.382Z","v":0}
{"name":"hexo","hostname":"ubuntu","pid":30143,"level":20,"msg":"Processed: \u001b[35m_posts/Travis-CI_Builds_Hexo.md\u001b[39m","time":"2017-04-21T13:55:17.382Z","v":0}
{"name":"hexo","hostname":"ubuntu","pid":30143,"level":20,"msg":"Processed: \u001b[35m_posts/autorun.md\u001b[39m","time":"2017-04-21T13:55:17.382Z","v":0}
{"name":"hexo","hostname":"ubuntu","pid":30143,"level":20,"msg":"Processed: \u001b[35m_posts/installsamba.md\u001b[39m","time":"2017-04-21T13:55:17.382Z","v":0}
{"name":"hexo","hostname":"ubuntu","pid":30143,"level":20,"msg":"Processed: \u001b[35m_posts/markdown.md\u001b[39m","time":"2017-04-21T13:55:17.383Z","v":0}
{"name":"hexo","hostname":"ubuntu","pid":30143,"level":20,"msg":"Processed: \u001b[35m_posts/qrcodelcd5110.md\u001b[39m","time":"2017-04-21T13:55:17.383Z","v":0}
{"name":"hexo","hostname":"ubuntu","pid":30143,"level":20,"msg":"Processed: \u001b[35m_posts/raspihsk.md\u001b[39m","time":"2017-04-21T13:55:17.384Z","v":0}
{"name":"hexo","hostname":"ubuntu","pid":30143,"level":20,"msg":"Processed: \u001b[35mcategories/index.md\u001b[39m","time":"2017-04-21T13:55:17.384Z","v":0}
{"name":"hexo","hostname":"ubuntu","pid":30143,"level":20,"msg":"Processed: \u001b[35mtags/index.md\u001b[39m","time":"2017-04-21T13:55:17.384Z","v":0}
{"name":"hexo","hostname":"ubuntu","pid":30143,"level":20,"msg":"Theme config loaded.","time":"2017-04-21T13:55:17.458Z","v":0}
{"name":"hexo","hostname":"ubuntu","pid":30143,"level":20,"msg":"Processed: \u001b[35m_config.yml\u001b[39m","time":"2017-04-21T13:55:17.461Z","v":0}
{"name":"hexo","hostname":"ubuntu","pid":30143,"level":20,"msg":"Processed: \u001b[35msource/css/main.styl\u001b[39m","time":"2017-04-21T13:55:17.461Z","v":0}
{"name":"hexo","hostname":"ubuntu","pid":30143,"level":20,"msg":"Processed: \u001b[35msource/images/algolia_logo.svg\u001b[39m","time":"2017-04-21T13:55:17.461Z","v":0}
{"name":"hexo","hostname":"ubuntu","pid":30143,"level":20,"msg":"Processed: \u001b[35msource/images/avatar.gif\u001b[39m","time":"2017-04-21T13:55:17.462Z","v":0}
{"name":"hexo","hostname":"ubuntu","pid":30143,"level":20,"msg":"Processed: \u001b[35msource/images/cc-by-nc-nd.svg\u001b[39m","time":"2017-04-21T13:55:17.462Z","v":0}
{"name":"hexo","hostname":"ubuntu","pid":30143,"level":20,"msg":"Processed: \u001b[35msource/images/cc-by-nc-sa.svg\u001b[39m","time":"2017-04-21T13:55:17.463Z","v":0}
{"name":"hexo","hostname":"ubuntu","pid":30143,"level":20,"msg":"Processed: \u001b[35msource/images/cc-by-nc.svg\u001b[39m","time":"2017-04-21T13:55:17.463Z","v":0}
{"name":"hexo","hostname":"ubuntu","pid":30143,"level":20,"msg":"Processed: \u001b[35msource/images/cc-by-nd.svg\u001b[39m","time":"2017-04-21T13:55:17.463Z","v":0}
{"name":"hexo","hostname":"ubuntu","pid":30143,"level":20,"msg":"Processed: \u001b[35msource/images/cc-by-sa.svg\u001b[39m","time":"2017-04-21T13:55:17.463Z","v":0}
{"name":"hexo","hostname":"ubuntu","pid":30143,"level":20,"msg":"Processed: \u001b[35msource/images/cc-by.svg\u001b[39m","time":"2017-04-21T13:55:17.464Z","v":0}
{"name":"hexo","hostname":"ubuntu","pid":30143,"level":20,"msg":"Processed: \u001b[35msource/images/cc-zero.svg\u001b[39m","time":"2017-04-21T13:55:17.465Z","v":0}
{"name":"hexo","hostname":"ubuntu","pid":30143,"level":20,"msg":"Processed: \u001b[35msource/images/loading.gif\u001b[39m","time":"2017-04-21T13:55:17.466Z","v":0}
{"name":"hexo","hostname":"ubuntu","pid":30143,"level":20,"msg":"Processed: \u001b[35msource/images/placeholder.gif\u001b[39m","time":"2017-04-21T13:55:17.467Z","v":0}
{"name":"hexo","hostname":"ubuntu","pid":30143,"level":20,"msg":"Processed: \u001b[35msource/images/quote-l.svg\u001b[39m","time":"2017-04-21T13:55:17.467Z","v":0}
{"name":"hexo","hostname":"ubuntu","pid":30143,"level":20,"msg":"Processed: \u001b[35msource/images/quote-r.svg\u001b[39m","time":"2017-04-21T13:55:17.468Z","v":0}
{"name":"hexo","hostname":"ubuntu","pid":30143,"level":20,"msg":"Processed: \u001b[35msource/images/searchicon.png\u001b[39m","time":"2017-04-21T13:55:17.468Z","v":0}
{"name":"hexo","hostname":"ubuntu","pid":30143,"level":20,"msg":"Processed: \u001b[35mlayout/_layout.swig\u001b[39m","time":"2017-04-21T13:55:17.666Z","v":0}
{"name":"hexo","hostname":"ubuntu","pid":30143,"level":20,"msg":"Processed: \u001b[35mlayout/archive.swig\u001b[39m","time":"2017-04-21T13:55:17.669Z","v":0}
{"name":"hexo","hostname":"ubuntu","pid":30143,"level":20,"msg":"Processed: \u001b[35mlayout/category.swig\u001b[39m","time":"2017-04-21T13:55:17.669Z","v":0}
{"name":"hexo","hostname":"ubuntu","pid":30143,"level":20,"msg":"Processed: \u001b[35mlayout/index.swig\u001b[39m","time":"2017-04-21T13:55:17.670Z","v":0}
{"name":"hexo","hostname":"ubuntu","pid":30143,"level":20,"msg":"Processed: \u001b[35mlayout/page.swig\u001b[39m","time":"2017-04-21T13:55:17.670Z","v":0}
{"name":"hexo","hostname":"ubuntu","pid":30143,"level":20,"msg":"Processed: \u001b[35mlayout/post.swig\u001b[39m","time":"2017-04-21T13:55:17.671Z","v":0}
{"name":"hexo","hostname":"ubuntu","pid":30143,"level":20,"msg":"Processed: \u001b[35mlayout/schedule.swig\u001b[39m","time":"2017-04-21T13:55:17.671Z","v":0}
{"name":"hexo","hostname":"ubuntu","pid":30143,"level":20,"msg":"Processed: \u001b[35mlayout/tag.swig\u001b[39m","time":"2017-04-21T13:55:17.671Z","v":0}
{"name":"hexo","hostname":"ubuntu","pid":30143,"level":20,"msg":"Processed: \u001b[35mlanguages/de.yml\u001b[39m","time":"2017-04-21T13:55:17.683Z","v":0}
{"name":"hexo","hostname":"ubuntu","pid":30143,"level":20,"msg":"Processed: \u001b[35mlanguages/default.yml\u001b[39m","time":"2017-04-21T13:55:17.683Z","v":0}
{"name":"hexo","hostname":"ubuntu","pid":30143,"level":20,"msg":"Processed: \u001b[35mlanguages/en.yml\u001b[39m","time":"2017-04-21T13:55:17.683Z","v":0}
{"name":"hexo","hostname":"ubuntu","pid":30143,"level":20,"msg":"Processed: \u001b[35mlanguages/fr-FR.yml\u001b[39m","time":"2017-04-21T13:55:17.684Z","v":0}
{"name":"hexo","hostname":"ubuntu","pid":30143,"level":20,"msg":"Processed: \u001b[35mlanguages/id.yml\u001b[39m","time":"2017-04-21T13:55:17.684Z","v":0}
{"name":"hexo","hostname":"ubuntu","pid":30143,"level":20,"msg":"Processed: \u001b[35mlanguages/ja.yml\u001b[39m","time":"2017-04-21T13:55:17.684Z","v":0}
{"name":"hexo","hostname":"ubuntu","pid":30143,"level":20,"msg":"Processed: \u001b[35mlanguages/ko.yml\u001b[39m","time":"2017-04-21T13:55:17.690Z","v":0}
{"name":"hexo","hostname":"ubuntu","pid":30143,"level":20,"msg":"Processed: \u001b[35mlanguages/pt-BR.yml\u001b[39m","time":"2017-04-21T13:55:17.690Z","v":0}
{"name":"hexo","hostname":"ubuntu","pid":30143,"level":20,"msg":"Processed: \u001b[35mlanguages/pt.yml\u001b[39m","time":"2017-04-21T13:55:17.690Z","v":0}
{"name":"hexo","hostname":"ubuntu","pid":30143,"level":20,"msg":"Processed: \u001b[35mlanguages/ru.yml\u001b[39m","time":"2017-04-21T13:55:17.691Z","v":0}
{"name":"hexo","hostname":"ubuntu","pid":30143,"level":20,"msg":"Processed: \u001b[35mlanguages/zh-Hans.yml\u001b[39m","time":"2017-04-21T13:55:17.691Z","v":0}
{"name":"hexo","hostname":"ubuntu","pid":30143,"level":20,"msg":"Processed: \u001b[35mlanguages/zh-hk.yml\u001b[39m","time":"2017-04-21T13:55:17.691Z","v":0}
{"name":"hexo","hostname":"ubuntu","pid":30143,"level":20,"msg":"Processed: \u001b[35mlanguages/zh-tw.yml\u001b[39m","time":"2017-04-21T13:55:17.691Z","v":0}
{"name":"hexo","hostname":"ubuntu","pid":30143,"level":20,"msg":"Processed: \u001b[35msource/js/src/affix.js\u001b[39m","time":"2017-04-21T13:55:17.692Z","v":0}
{"name":"hexo","hostname":"ubuntu","pid":30143,"level":20,"msg":"Processed: \u001b[35msource/js/src/algolia-search.js\u001b[39m","time":"2017-04-21T13:55:17.692Z","v":0}
{"name":"hexo","hostname":"ubuntu","pid":30143,"level":20,"msg":"Processed: \u001b[35msource/js/src/bootstrap.js\u001b[39m","time":"2017-04-21T13:55:17.692Z","v":0}
{"name":"hexo","hostname":"ubuntu","pid":30143,"level":20,"msg":"Processed: \u001b[35msource/js/src/exturl.js\u001b[39m","time":"2017-04-21T13:55:17.693Z","v":0}
{"name":"hexo","hostname":"ubuntu","pid":30143,"level":20,"msg":"Processed: \u001b[35msource/js/src/hook-duoshuo.js\u001b[39m","time":"2017-04-21T13:55:17.694Z","v":0}
{"name":"hexo","hostname":"ubuntu","pid":30143,"level":20,"msg":"Processed: \u001b[35msource/js/src/js.cookie.js\u001b[39m","time":"2017-04-21T13:55:17.694Z","v":0}
{"name":"hexo","hostname":"ubuntu","pid":30143,"level":20,"msg":"Processed: \u001b[35msource/js/src/motion.js\u001b[39m","time":"2017-04-21T13:55:17.695Z","v":0}
{"name":"hexo","hostname":"ubuntu","pid":30143,"level":20,"msg":"Processed: \u001b[35msource/js/src/post-details.js\u001b[39m","time":"2017-04-21T13:55:17.695Z","v":0}
{"name":"hexo","hostname":"ubuntu","pid":30143,"level":20,"msg":"Processed: \u001b[35msource/js/src/scroll-cookie.js\u001b[39m","time":"2017-04-21T13:55:17.695Z","v":0}
{"name":"hexo","hostname":"ubuntu","pid":30143,"level":20,"msg":"Processed: \u001b[35msource/js/src/scrollspy.js\u001b[39m","time":"2017-04-21T13:55:17.696Z","v":0}
{"name":"hexo","hostname":"ubuntu","pid":30143,"level":20,"msg":"Processed: \u001b[35msource/js/src/utils.js\u001b[39m","time":"2017-04-21T13:55:17.699Z","v":0}
{"name":"hexo","hostname":"ubuntu","pid":30143,"level":20,"msg":"Processed: \u001b[35msource/lib/algolia-instant-search/instantsearch.min.css\u001b[39m","time":"2017-04-21T13:55:17.699Z","v":0}
{"name":"hexo","hostname":"ubuntu","pid":30143,"level":20,"msg":"Processed: \u001b[35msource/lib/canvas-nest/canvas-nest.min.js\u001b[39m","time":"2017-04-21T13:55:17.699Z","v":0}
{"name":"hexo","hostname":"ubuntu","pid":30143,"level":20,"msg":"Processed: \u001b[35msource/lib/canvas-ribbon/canvas-ribbon.js\u001b[39m","time":"2017-04-21T13:55:17.700Z","v":0}
{"name":"hexo","hostname":"ubuntu","pid":30143,"level":20,"msg":"Processed: \u001b[35msource/lib/fastclick/LICENSE\u001b[39m","time":"2017-04-21T13:55:17.700Z","v":0}
{"name":"hexo","hostname":"ubuntu","pid":30143,"level":20,"msg":"Processed: \u001b[35msource/lib/fastclick/README.md\u001b[39m","time":"2017-04-21T13:55:17.701Z","v":0}
{"name":"hexo","hostname":"ubuntu","pid":30143,"level":20,"msg":"Processed: \u001b[35msource/lib/fastclick/bower.json\u001b[39m","time":"2017-04-21T13:55:17.701Z","v":0}
{"name":"hexo","hostname":"ubuntu","pid":30143,"level":20,"msg":"Processed: \u001b[35msource/lib/font-awesome/HELP-US-OUT.txt\u001b[39m","time":"2017-04-21T13:55:17.703Z","v":0}
{"name":"hexo","hostname":"ubuntu","pid":30143,"level":20,"msg":"Processed: \u001b[35msource/lib/font-awesome/bower.json\u001b[39m","time":"2017-04-21T13:55:17.703Z","v":0}
{"name":"hexo","hostname":"ubuntu","pid":30143,"level":20,"msg":"Processed: \u001b[35msource/lib/jquery_lazyload/CONTRIBUTING.md\u001b[39m","time":"2017-04-21T13:55:17.706Z","v":0}
{"name":"hexo","hostname":"ubuntu","pid":30143,"level":20,"msg":"Processed: \u001b[35msource/lib/jquery_lazyload/README.md\u001b[39m","time":"2017-04-21T13:55:17.706Z","v":0}
{"name":"hexo","hostname":"ubuntu","pid":30143,"level":20,"msg":"Processed: \u001b[35msource/lib/jquery_lazyload/bower.json\u001b[39m","time":"2017-04-21T13:55:17.706Z","v":0}
{"name":"hexo","hostname":"ubuntu","pid":30143,"level":20,"msg":"Processed: \u001b[35msource/lib/jquery_lazyload/jquery.lazyload.js\u001b[39m","time":"2017-04-21T13:55:17.706Z","v":0}
{"name":"hexo","hostname":"ubuntu","pid":30143,"level":20,"msg":"Processed: \u001b[35msource/lib/jquery_lazyload/jquery.scrollstop.js\u001b[39m","time":"2017-04-21T13:55:17.706Z","v":0}
{"name":"hexo","hostname":"ubuntu","pid":30143,"level":20,"msg":"Processed: \u001b[35msource/lib/three/canvas_lines.min.js\u001b[39m","time":"2017-04-21T13:55:17.707Z","v":0}
{"name":"hexo","hostname":"ubuntu","pid":30143,"level":20,"msg":"Processed: \u001b[35msource/lib/three/canvas_sphere.min.js\u001b[39m","time":"2017-04-21T13:55:17.707Z","v":0}
{"name":"hexo","hostname":"ubuntu","pid":30143,"level":20,"msg":"Processed: \u001b[35msource/lib/three/three-waves.min.js\u001b[39m","time":"2017-04-21T13:55:17.707Z","v":0}
{"name":"hexo","hostname":"ubuntu","pid":30143,"level":20,"msg":"Processed: \u001b[35msource/lib/velocity/bower.json\u001b[39m","time":"2017-04-21T13:55:17.708Z","v":0}
{"name":"hexo","hostname":"ubuntu","pid":30143,"level":20,"msg":"Processed: \u001b[35msource/lib/velocity/velocity.min.js\u001b[39m","time":"2017-04-21T13:55:17.708Z","v":0}
{"name":"hexo","hostname":"ubuntu","pid":30143,"level":20,"msg":"Processed: \u001b[35msource/lib/velocity/velocity.ui.js\u001b[39m","time":"2017-04-21T13:55:17.708Z","v":0}
{"name":"hexo","hostname":"ubuntu","pid":30143,"level":20,"msg":"Processed: \u001b[35msource/lib/velocity/velocity.ui.min.js\u001b[39m","time":"2017-04-21T13:55:17.708Z","v":0}
{"name":"hexo","hostname":"ubuntu","pid":30143,"level":20,"msg":"Processed: \u001b[35msource/lib/jquery/index.js\u001b[39m","time":"2017-04-21T13:55:17.719Z","v":0}
{"name":"hexo","hostname":"ubuntu","pid":30143,"level":20,"msg":"Processed: \u001b[35mlayout/_custom/header.swig\u001b[39m","time":"2017-04-21T13:55:17.776Z","v":0}
{"name":"hexo","hostname":"ubuntu","pid":30143,"level":20,"msg":"Processed: \u001b[35mlayout/_custom/sidebar.swig\u001b[39m","time":"2017-04-21T13:55:17.776Z","v":0}
{"name":"hexo","hostname":"ubuntu","pid":30143,"level":20,"msg":"Processed: \u001b[35mlayout/_macro/post-collapse.swig\u001b[39m","time":"2017-04-21T13:55:17.776Z","v":0}
{"name":"hexo","hostname":"ubuntu","pid":30143,"level":20,"msg":"Processed: \u001b[35mlayout/_macro/post-copyright.swig\u001b[39m","time":"2017-04-21T13:55:17.776Z","v":0}
{"name":"hexo","hostname":"ubuntu","pid":30143,"level":20,"msg":"Processed: \u001b[35mlayout/_macro/post.swig\u001b[39m","time":"2017-04-21T13:55:17.776Z","v":0}
{"name":"hexo","hostname":"ubuntu","pid":30143,"level":20,"msg":"Processed: \u001b[35mlayout/_macro/reward.swig\u001b[39m","time":"2017-04-21T13:55:17.776Z","v":0}
{"name":"hexo","hostname":"ubuntu","pid":30143,"level":20,"msg":"Processed: \u001b[35mlayout/_macro/sidebar.swig\u001b[39m","time":"2017-04-21T13:55:17.777Z","v":0}
{"name":"hexo","hostname":"ubuntu","pid":30143,"level":20,"msg":"Processed: \u001b[35mlayout/_macro/wechat-subscriber.swig\u001b[39m","time":"2017-04-21T13:55:17.780Z","v":0}
{"name":"hexo","hostname":"ubuntu","pid":30143,"level":20,"msg":"Processed: \u001b[35mlayout/_partials/comments.swig\u001b[39m","time":"2017-04-21T13:55:17.783Z","v":0}
{"name":"hexo","hostname":"ubuntu","pid":30143,"level":20,"msg":"Processed: \u001b[35mlayout/_partials/footer.swig\u001b[39m","time":"2017-04-21T13:55:17.783Z","v":0}
{"name":"hexo","hostname":"ubuntu","pid":30143,"level":20,"msg":"Processed: \u001b[35mlayout/_partials/head.swig\u001b[39m","time":"2017-04-21T13:55:17.783Z","v":0}
{"name":"hexo","hostname":"ubuntu","pid":30143,"level":20,"msg":"Processed: \u001b[35mlayout/_partials/header.swig\u001b[39m","time":"2017-04-21T13:55:17.783Z","v":0}
{"name":"hexo","hostname":"ubuntu","pid":30143,"level":20,"msg":"Processed: \u001b[35mlayout/_partials/page-header.swig\u001b[39m","time":"2017-04-21T13:55:17.784Z","v":0}
{"name":"hexo","hostname":"ubuntu","pid":30143,"level":20,"msg":"Processed: \u001b[35mlayout/_partials/pagination.swig\u001b[39m","time":"2017-04-21T13:55:17.784Z","v":0}
{"name":"hexo","hostname":"ubuntu","pid":30143,"level":20,"msg":"Processed: \u001b[35mlayout/_partials/search.swig\u001b[39m","time":"2017-04-21T13:55:17.784Z","v":0}
{"name":"hexo","hostname":"ubuntu","pid":30143,"level":20,"msg":"Processed: \u001b[35mlayout/_scripts/boostrap.swig\u001b[39m","time":"2017-04-21T13:55:17.784Z","v":0}
{"name":"hexo","hostname":"ubuntu","pid":30143,"level":20,"msg":"Processed: \u001b[35mlayout/_scripts/commons.swig\u001b[39m","time":"2017-04-21T13:55:17.784Z","v":0}
{"name":"hexo","hostname":"ubuntu","pid":30143,"level":20,"msg":"Processed: \u001b[35mlayout/_scripts/vendors.swig\u001b[39m","time":"2017-04-21T13:55:17.784Z","v":0}
{"name":"hexo","hostname":"ubuntu","pid":30143,"level":20,"msg":"Processed: \u001b[35mlayout/_third-party/duoshuo-hot-articles.swig\u001b[39m","time":"2017-04-21T13:55:17.784Z","v":0}
{"name":"hexo","hostname":"ubuntu","pid":30143,"level":20,"msg":"Processed: \u001b[35mlayout/_third-party/exturl.swig\u001b[39m","time":"2017-04-21T13:55:17.784Z","v":0}
{"name":"hexo","hostname":"ubuntu","pid":30143,"level":20,"msg":"Processed: \u001b[35mlayout/_third-party/mathjax.swig\u001b[39m","time":"2017-04-21T13:55:17.784Z","v":0}
{"name":"hexo","hostname":"ubuntu","pid":30143,"level":20,"msg":"Processed: \u001b[35mlayout/_third-party/schedule.swig\u001b[39m","time":"2017-04-21T13:55:17.784Z","v":0}
{"name":"hexo","hostname":"ubuntu","pid":30143,"level":20,"msg":"Processed: \u001b[35mlayout/_third-party/scroll-cookie.swig\u001b[39m","time":"2017-04-21T13:55:17.785Z","v":0}
{"name":"hexo","hostname":"ubuntu","pid":30143,"level":20,"msg":"Processed: \u001b[35msource/js/src/schemes/pisces.js\u001b[39m","time":"2017-04-21T13:55:17.787Z","v":0}
{"name":"hexo","hostname":"ubuntu","pid":30143,"level":20,"msg":"Processed: \u001b[35msource/lib/Han/dist/han.min.css\u001b[39m","time":"2017-04-21T13:55:17.787Z","v":0}
{"name":"hexo","hostname":"ubuntu","pid":30143,"level":20,"msg":"Processed: \u001b[35msource/lib/Han/dist/han.min.js\u001b[39m","time":"2017-04-21T13:55:17.787Z","v":0}
{"name":"hexo","hostname":"ubuntu","pid":30143,"level":20,"msg":"Processed: \u001b[35msource/lib/fancybox/source/blank.gif\u001b[39m","time":"2017-04-21T13:55:17.789Z","v":0}
{"name":"hexo","hostname":"ubuntu","pid":30143,"level":20,"msg":"Processed: \u001b[35msource/lib/fancybox/source/fancybox_loading.gif\u001b[39m","time":"2017-04-21T13:55:17.792Z","v":0}
{"name":"hexo","hostname":"ubuntu","pid":30143,"level":20,"msg":"Processed: \u001b[35msource/lib/fancybox/source/fancybox_loading@2x.gif\u001b[39m","time":"2017-04-21T13:55:17.793Z","v":0}
{"name":"hexo","hostname":"ubuntu","pid":30143,"level":20,"msg":"Processed: \u001b[35msource/lib/fancybox/source/fancybox_overlay.png\u001b[39m","time":"2017-04-21T13:55:17.793Z","v":0}
{"name":"hexo","hostname":"ubuntu","pid":30143,"level":20,"msg":"Processed: \u001b[35msource/lib/fancybox/source/fancybox_sprite.png\u001b[39m","time":"2017-04-21T13:55:17.793Z","v":0}
{"name":"hexo","hostname":"ubuntu","pid":30143,"level":20,"msg":"Processed: \u001b[35msource/lib/fancybox/source/fancybox_sprite@2x.png\u001b[39m","time":"2017-04-21T13:55:17.794Z","v":0}
{"name":"hexo","hostname":"ubuntu","pid":30143,"level":20,"msg":"Processed: \u001b[35msource/lib/fancybox/source/jquery.fancybox.css\u001b[39m","time":"2017-04-21T13:55:17.794Z","v":0}
{"name":"hexo","hostname":"ubuntu","pid":30143,"level":20,"msg":"Processed: \u001b[35msource/lib/fancybox/source/jquery.fancybox.js\u001b[39m","time":"2017-04-21T13:55:17.794Z","v":0}
{"name":"hexo","hostname":"ubuntu","pid":30143,"level":20,"msg":"Processed: \u001b[35msource/lib/fancybox/source/jquery.fancybox.pack.js\u001b[39m","time":"2017-04-21T13:55:17.795Z","v":0}
{"name":"hexo","hostname":"ubuntu","pid":30143,"level":20,"msg":"Processed: \u001b[35msource/lib/fastclick/lib/fastclick.js\u001b[39m","time":"2017-04-21T13:55:17.795Z","v":0}
{"name":"hexo","hostname":"ubuntu","pid":30143,"level":20,"msg":"Processed: \u001b[35msource/lib/fastclick/lib/fastclick.min.js\u001b[39m","time":"2017-04-21T13:55:17.795Z","v":0}
{"name":"hexo","hostname":"ubuntu","pid":30143,"level":20,"msg":"Processed: \u001b[35msource/lib/font-awesome/css/font-awesome.css\u001b[39m","time":"2017-04-21T13:55:17.795Z","v":0}
{"name":"hexo","hostname":"ubuntu","pid":30143,"level":20,"msg":"Processed: \u001b[35msource/lib/font-awesome/css/font-awesome.css.map\u001b[39m","time":"2017-04-21T13:55:17.795Z","v":0}
{"name":"hexo","hostname":"ubuntu","pid":30143,"level":20,"msg":"Processed: \u001b[35msource/lib/font-awesome/css/font-awesome.min.css\u001b[39m","time":"2017-04-21T13:55:17.801Z","v":0}
{"name":"hexo","hostname":"ubuntu","pid":30143,"level":20,"msg":"Processed: \u001b[35msource/lib/ua-parser-js/dist/ua-parser.min.js\u001b[39m","time":"2017-04-21T13:55:17.801Z","v":0}
{"name":"hexo","hostname":"ubuntu","pid":30143,"level":20,"msg":"Processed: \u001b[35msource/lib/ua-parser-js/dist/ua-parser.pack.js\u001b[39m","time":"2017-04-21T13:55:17.801Z","v":0}
{"name":"hexo","hostname":"ubuntu","pid":30143,"level":20,"msg":"Processed: \u001b[35mlayout/_scripts/schemes/mist.swig\u001b[39m","time":"2017-04-21T13:55:17.807Z","v":0}
{"name":"hexo","hostname":"ubuntu","pid":30143,"level":20,"msg":"Processed: \u001b[35mlayout/_scripts/schemes/muse.swig\u001b[39m","time":"2017-04-21T13:55:17.808Z","v":0}
{"name":"hexo","hostname":"ubuntu","pid":30143,"level":20,"msg":"Processed: \u001b[35msource/lib/Han/dist/han.css\u001b[39m","time":"2017-04-21T13:55:17.808Z","v":0}
{"name":"hexo","hostname":"ubuntu","pid":30143,"level":20,"msg":"Processed: \u001b[35msource/lib/Han/dist/han.js\u001b[39m","time":"2017-04-21T13:55:17.808Z","v":0}
{"name":"hexo","hostname":"ubuntu","pid":30143,"level":20,"msg":"Processed: \u001b[35msource/lib/font-awesome/fonts/fontawesome-webfont.woff\u001b[39m","time":"2017-04-21T13:55:17.809Z","v":0}
{"name":"hexo","hostname":"ubuntu","pid":30143,"level":20,"msg":"Processed: \u001b[35msource/lib/font-awesome/fonts/fontawesome-webfont.woff2\u001b[39m","time":"2017-04-21T13:55:17.810Z","v":0}
{"name":"hexo","hostname":"ubuntu","pid":30143,"level":20,"msg":"Processed: \u001b[35msource/lib/velocity/velocity.js\u001b[39m","time":"2017-04-21T13:55:17.811Z","v":0}
{"name":"hexo","hostname":"ubuntu","pid":30143,"level":20,"msg":"Processed: \u001b[35mlayout/_partials/head/custom-head.swig\u001b[39m","time":"2017-04-21T13:55:17.850Z","v":0}
{"name":"hexo","hostname":"ubuntu","pid":30143,"level":20,"msg":"Processed: \u001b[35mlayout/_partials/head/external-fonts.swig\u001b[39m","time":"2017-04-21T13:55:17.850Z","v":0}
{"name":"hexo","hostname":"ubuntu","pid":30143,"level":20,"msg":"Processed: \u001b[35mlayout/_partials/search/localsearch.swig\u001b[39m","time":"2017-04-21T13:55:17.850Z","v":0}
{"name":"hexo","hostname":"ubuntu","pid":30143,"level":20,"msg":"Processed: \u001b[35mlayout/_partials/search/swiftype.swig\u001b[39m","time":"2017-04-21T13:55:17.850Z","v":0}
{"name":"hexo","hostname":"ubuntu","pid":30143,"level":20,"msg":"Processed: \u001b[35mlayout/_partials/search/tinysou.swig\u001b[39m","time":"2017-04-21T13:55:17.850Z","v":0}
{"name":"hexo","hostname":"ubuntu","pid":30143,"level":20,"msg":"Processed: \u001b[35mlayout/_partials/share/add-this.swig\u001b[39m","time":"2017-04-21T13:55:17.850Z","v":0}
{"name":"hexo","hostname":"ubuntu","pid":30143,"level":20,"msg":"Processed: \u001b[35mlayout/_partials/share/baidushare.swig\u001b[39m","time":"2017-04-21T13:55:17.850Z","v":0}
{"name":"hexo","hostname":"ubuntu","pid":30143,"level":20,"msg":"Processed: \u001b[35mlayout/_partials/share/duoshuo_share.swig\u001b[39m","time":"2017-04-21T13:55:17.851Z","v":0}
{"name":"hexo","hostname":"ubuntu","pid":30143,"level":20,"msg":"Processed: \u001b[35mlayout/_partials/share/jiathis.swig\u001b[39m","time":"2017-04-21T13:55:17.851Z","v":0}
{"name":"hexo","hostname":"ubuntu","pid":30143,"level":20,"msg":"Processed: \u001b[35mlayout/_scripts/pages/post-details.swig\u001b[39m","time":"2017-04-21T13:55:17.851Z","v":0}
{"name":"hexo","hostname":"ubuntu","pid":30143,"level":20,"msg":"Processed: \u001b[35mlayout/_scripts/schemes/pisces.swig\u001b[39m","time":"2017-04-21T13:55:17.852Z","v":0}
{"name":"hexo","hostname":"ubuntu","pid":30143,"level":20,"msg":"Processed: \u001b[35mlayout/_third-party/analytics/application-insights.swig\u001b[39m","time":"2017-04-21T13:55:17.852Z","v":0}
{"name":"hexo","hostname":"ubuntu","pid":30143,"level":20,"msg":"Processed: \u001b[35mlayout/_third-party/analytics/baidu-analytics.swig\u001b[39m","time":"2017-04-21T13:55:17.853Z","v":0}
{"name":"hexo","hostname":"ubuntu","pid":30143,"level":20,"msg":"Processed: \u001b[35mlayout/_third-party/analytics/busuanzi-counter.swig\u001b[39m","time":"2017-04-21T13:55:17.854Z","v":0}
{"name":"hexo","hostname":"ubuntu","pid":30143,"level":20,"msg":"Processed: \u001b[35mlayout/_third-party/analytics/cnzz-analytics.swig\u001b[39m","time":"2017-04-21T13:55:17.854Z","v":0}
{"name":"hexo","hostname":"ubuntu","pid":30143,"level":20,"msg":"Processed: \u001b[35mlayout/_third-party/analytics/facebook-sdk.swig\u001b[39m","time":"2017-04-21T13:55:17.854Z","v":0}
{"name":"hexo","hostname":"ubuntu","pid":30143,"level":20,"msg":"Processed: \u001b[35mlayout/_third-party/analytics/google-analytics.swig\u001b[39m","time":"2017-04-21T13:55:17.854Z","v":0}
{"name":"hexo","hostname":"ubuntu","pid":30143,"level":20,"msg":"Processed: \u001b[35mlayout/_third-party/analytics/index.swig\u001b[39m","time":"2017-04-21T13:55:17.854Z","v":0}
{"name":"hexo","hostname":"ubuntu","pid":30143,"level":20,"msg":"Processed: \u001b[35mlayout/_third-party/analytics/lean-analytics.swig\u001b[39m","time":"2017-04-21T13:55:17.855Z","v":0}
{"name":"hexo","hostname":"ubuntu","pid":30143,"level":20,"msg":"Processed: \u001b[35mlayout/_third-party/analytics/tencent-analytics.swig\u001b[39m","time":"2017-04-21T13:55:17.855Z","v":0}
{"name":"hexo","hostname":"ubuntu","pid":30143,"level":20,"msg":"Processed: \u001b[35mlayout/_third-party/analytics/tencent-mta.swig\u001b[39m","time":"2017-04-21T13:55:17.855Z","v":0}
{"name":"hexo","hostname":"ubuntu","pid":30143,"level":20,"msg":"Processed: \u001b[35mlayout/_third-party/analytics/vkontakte-api.swig\u001b[39m","time":"2017-04-21T13:55:17.855Z","v":0}
{"name":"hexo","hostname":"ubuntu","pid":30143,"level":20,"msg":"Processed: \u001b[35mlayout/_third-party/comments/changyan.swig\u001b[39m","time":"2017-04-21T13:55:17.855Z","v":0}
{"name":"hexo","hostname":"ubuntu","pid":30143,"level":20,"msg":"Processed: \u001b[35mlayout/_third-party/comments/disqus.swig\u001b[39m","time":"2017-04-21T13:55:17.855Z","v":0}
{"name":"hexo","hostname":"ubuntu","pid":30143,"level":20,"msg":"Processed: \u001b[35mlayout/_third-party/comments/duoshuo.swig\u001b[39m","time":"2017-04-21T13:55:17.855Z","v":0}
{"name":"hexo","hostname":"ubuntu","pid":30143,"level":20,"msg":"Processed: \u001b[35mlayout/_third-party/comments/gentie.swig\u001b[39m","time":"2017-04-21T13:55:17.855Z","v":0}
{"name":"hexo","hostname":"ubuntu","pid":30143,"level":20,"msg":"Processed: \u001b[35mlayout/_third-party/comments/hypercomments.swig\u001b[39m","time":"2017-04-21T13:55:17.856Z","v":0}
{"name":"hexo","hostname":"ubuntu","pid":30143,"level":20,"msg":"Processed: \u001b[35mlayout/_third-party/comments/index.swig\u001b[39m","time":"2017-04-21T13:55:17.856Z","v":0}
{"name":"hexo","hostname":"ubuntu","pid":30143,"level":20,"msg":"Processed: \u001b[35mlayout/_third-party/comments/livere.swig\u001b[39m","time":"2017-04-21T13:55:17.856Z","v":0}
{"name":"hexo","hostname":"ubuntu","pid":30143,"level":20,"msg":"Processed: \u001b[35mlayout/_third-party/comments/youyan.swig\u001b[39m","time":"2017-04-21T13:55:17.856Z","v":0}
{"name":"hexo","hostname":"ubuntu","pid":30143,"level":20,"msg":"Processed: \u001b[35mlayout/_third-party/search/index.swig\u001b[39m","time":"2017-04-21T13:55:17.856Z","v":0}
{"name":"hexo","hostname":"ubuntu","pid":30143,"level":20,"msg":"Processed: \u001b[35mlayout/_third-party/search/localsearch.swig\u001b[39m","time":"2017-04-21T13:55:17.856Z","v":0}
{"name":"hexo","hostname":"ubuntu","pid":30143,"level":20,"msg":"Processed: \u001b[35mlayout/_third-party/search/tinysou.swig\u001b[39m","time":"2017-04-21T13:55:17.856Z","v":0}
{"name":"hexo","hostname":"ubuntu","pid":30143,"level":20,"msg":"Processed: \u001b[35mlayout/_third-party/seo/baidu-push.swig\u001b[39m","time":"2017-04-21T13:55:17.856Z","v":0}
{"name":"hexo","hostname":"ubuntu","pid":30143,"level":20,"msg":"Processed: \u001b[35msource/lib/Han/dist/font/han-space.otf\u001b[39m","time":"2017-04-21T13:55:17.862Z","v":0}
{"name":"hexo","hostname":"ubuntu","pid":30143,"level":20,"msg":"Processed: \u001b[35msource/lib/Han/dist/font/han-space.woff\u001b[39m","time":"2017-04-21T13:55:17.862Z","v":0}
{"name":"hexo","hostname":"ubuntu","pid":30143,"level":20,"msg":"Processed: \u001b[35msource/lib/Han/dist/font/han.otf\u001b[39m","time":"2017-04-21T13:55:17.862Z","v":0}
{"name":"hexo","hostname":"ubuntu","pid":30143,"level":20,"msg":"Processed: \u001b[35msource/lib/Han/dist/font/han.woff\u001b[39m","time":"2017-04-21T13:55:17.862Z","v":0}
{"name":"hexo","hostname":"ubuntu","pid":30143,"level":20,"msg":"Processed: \u001b[35msource/lib/fancybox/source/helpers/fancybox_buttons.png\u001b[39m","time":"2017-04-21T13:55:17.863Z","v":0}
{"name":"hexo","hostname":"ubuntu","pid":30143,"level":20,"msg":"Processed: \u001b[35msource/lib/fancybox/source/helpers/jquery.fancybox-buttons.css\u001b[39m","time":"2017-04-21T13:55:17.863Z","v":0}
{"name":"hexo","hostname":"ubuntu","pid":30143,"level":20,"msg":"Processed: \u001b[35msource/lib/fancybox/source/helpers/jquery.fancybox-buttons.js\u001b[39m","time":"2017-04-21T13:55:17.863Z","v":0}
{"name":"hexo","hostname":"ubuntu","pid":30143,"level":20,"msg":"Processed: \u001b[35msource/lib/fancybox/source/helpers/jquery.fancybox-media.js\u001b[39m","time":"2017-04-21T13:55:17.863Z","v":0}
{"name":"hexo","hostname":"ubuntu","pid":30143,"level":20,"msg":"Processed: \u001b[35msource/lib/fancybox/source/helpers/jquery.fancybox-thumbs.css\u001b[39m","time":"2017-04-21T13:55:17.863Z","v":0}
{"name":"hexo","hostname":"ubuntu","pid":30143,"level":20,"msg":"Processed: \u001b[35msource/lib/fancybox/source/helpers/jquery.fancybox-thumbs.js\u001b[39m","time":"2017-04-21T13:55:17.864Z","v":0}
{"name":"hexo","hostname":"ubuntu","pid":30143,"level":20,"msg":"Processed: \u001b[35msource/lib/font-awesome/fonts/FontAwesome.otf\u001b[39m","time":"2017-04-21T13:55:17.864Z","v":0}
{"name":"hexo","hostname":"ubuntu","pid":30143,"level":20,"msg":"Processed: \u001b[35msource/lib/font-awesome/fonts/fontawesome-webfont.eot\u001b[39m","time":"2017-04-21T13:55:17.864Z","v":0}
{"name":"hexo","hostname":"ubuntu","pid":30143,"level":20,"msg":"Processed: \u001b[35msource/lib/font-awesome/fonts/fontawesome-webfont.ttf\u001b[39m","time":"2017-04-21T13:55:17.864Z","v":0}
{"name":"hexo","hostname":"ubuntu","pid":30143,"level":20,"msg":"Processed: \u001b[35mlayout/_third-party/search/algolia-search/assets.swig\u001b[39m","time":"2017-04-21T13:55:17.870Z","v":0}
{"name":"hexo","hostname":"ubuntu","pid":30143,"level":20,"msg":"Processed: \u001b[35mlayout/_third-party/search/algolia-search/dom.swig\u001b[39m","time":"2017-04-21T13:55:17.870Z","v":0}
{"name":"hexo","hostname":"ubuntu","pid":30143,"level":20,"msg":"Processed: \u001b[35msource/lib/algolia-instant-search/instantsearch.min.js\u001b[39m","time":"2017-04-21T13:55:17.871Z","v":0}
{"name":"hexo","hostname":"ubuntu","pid":30143,"level":20,"msg":"Processed: \u001b[35msource/lib/three/three.min.js\u001b[39m","time":"2017-04-21T13:55:17.873Z","v":0}
{"name":"hexo","hostname":"ubuntu","pid":30143,"level":20,"msg":"Processed: \u001b[35msource/lib/font-awesome/fonts/fontawesome-webfont.svg\u001b[39m","time":"2017-04-21T13:55:17.875Z","v":0}
{"name":"hexo","hostname":"ubuntu","pid":30143,"level":20,"msg":"Generator: \u001b[35mpage\u001b[39m","time":"2017-04-21T13:55:18.030Z","v":0}
{"name":"hexo","hostname":"ubuntu","pid":30143,"level":20,"msg":"Generator: \u001b[35mpost\u001b[39m","time":"2017-04-21T13:55:18.030Z","v":0}
{"name":"hexo","hostname":"ubuntu","pid":30143,"level":20,"msg":"Generator: \u001b[35marchive\u001b[39m","time":"2017-04-21T13:55:18.031Z","v":0}
{"name":"hexo","hostname":"ubuntu","pid":30143,"level":20,"msg":"Generator: \u001b[35mcategory\u001b[39m","time":"2017-04-21T13:55:18.031Z","v":0}
{"name":"hexo","hostname":"ubuntu","pid":30143,"level":20,"msg":"Generator: \u001b[35mindex\u001b[39m","time":"2017-04-21T13:55:18.031Z","v":0}
{"name":"hexo","hostname":"ubuntu","pid":30143,"level":20,"msg":"Generator: \u001b[35mtag\u001b[39m","time":"2017-04-21T13:55:18.031Z","v":0}
{"name":"hexo","hostname":"ubuntu","pid":30143,"level":20,"msg":"Generator: \u001b[35masset\u001b[39m","time":"2017-04-21T13:55:18.032Z","v":0}
{"name":"hexo","hostname":"ubuntu","pid":30143,"level":30,"msg":"Hexo is running at \u001b[4mhttp://localhost:4000/\u001b[24m. Press Ctrl+C to stop.","time":"2017-04-21T13:55:18.046Z","v":0}
{"name":"hexo","hostname":"ubuntu","pid":30143,"level":20,"msg":"Database saved","time":"2017-04-21T13:55:18.062Z","v":0}
{"name":"hexo","hostname":"ubuntu","pid":30143,"level":20,"msg":"Rendering index: \u001b[35mindex.html\u001b[39m","time":"2017-04-21T13:55:20.481Z","v":0}
{"name":"hexo","hostname":"ubuntu","pid":30143,"level":20,"msg":"Theme config loaded.","time":"2017-04-21T13:56:33.761Z","v":0}
{"name":"hexo","hostname":"ubuntu","pid":30143,"level":20,"msg":"Processed: \u001b[35m_config.yml\u001b[39m","time":"2017-04-21T13:56:33.761Z","v":0}
{"name":"hexo","hostname":"ubuntu","pid":30143,"level":20,"msg":"Generator: \u001b[35mpage\u001b[39m","time":"2017-04-21T13:56:33.879Z","v":0}
{"name":"hexo","hostname":"ubuntu","pid":30143,"level":20,"msg":"Generator: \u001b[35mpost\u001b[39m","time":"2017-04-21T13:56:33.879Z","v":0}
{"name":"hexo","hostname":"ubuntu","pid":30143,"level":20,"msg":"Generator: \u001b[35marchive\u001b[39m","time":"2017-04-21T13:56:33.880Z","v":0}
{"name":"hexo","hostname":"ubuntu","pid":30143,"level":20,"msg":"Generator: \u001b[35mcategory\u001b[39m","time":"2017-04-21T13:56:33.880Z","v":0}
{"name":"hexo","hostname":"ubuntu","pid":30143,"level":20,"msg":"Generator: \u001b[35mindex\u001b[39m","time":"2017-04-21T13:56:33.880Z","v":0}
{"name":"hexo","hostname":"ubuntu","pid":30143,"level":20,"msg":"Generator: \u001b[35mtag\u001b[39m","time":"2017-04-21T13:56:33.880Z","v":0}
{"name":"hexo","hostname":"ubuntu","pid":30143,"level":20,"msg":"Generator: \u001b[35masset\u001b[39m","time":"2017-04-21T13:56:33.883Z","v":0}
{"name":"hexo","hostname":"ubuntu","pid":30143,"level":20,"msg":"Rendering index: \u001b[35mindex.html\u001b[39m","time":"2017-04-21T13:56:47.842Z","v":0}
{"name":"hexo","hostname":"ubuntu","pid":30143,"level":20,"msg":"Theme config loaded.","time":"2017-04-21T13:57:55.476Z","v":0}
{"name":"hexo","hostname":"ubuntu","pid":30143,"level":20,"msg":"Processed: \u001b[35m_config.yml\u001b[39m","time":"2017-04-21T13:57:55.476Z","v":0}
{"name":"hexo","hostname":"ubuntu","pid":30143,"level":20,"msg":"Generator: \u001b[35mpage\u001b[39m","time":"2017-04-21T13:57:55.616Z","v":0}
{"name":"hexo","hostname":"ubuntu","pid":30143,"level":20,"msg":"Generator: \u001b[35mpost\u001b[39m","time":"2017-04-21T13:57:55.616Z","v":0}
{"name":"hexo","hostname":"ubuntu","pid":30143,"level":20,"msg":"Generator: \u001b[35marchive\u001b[39m","time":"2017-04-21T13:57:55.617Z","v":0}
{"name":"hexo","hostname":"ubuntu","pid":30143,"level":20,"msg":"Generator: \u001b[35mcategory\u001b[39m","time":"2017-04-21T13:57:55.618Z","v":0}
{"name":"hexo","hostname":"ubuntu","pid":30143,"level":20,"msg":"Generator: \u001b[35mindex\u001b[39m","time":"2017-04-21T13:57:55.619Z","v":0}
{"name":"hexo","hostname":"ubuntu","pid":30143,"level":20,"msg":"Generator: \u001b[35mtag\u001b[39m","time":"2017-04-21T13:57:55.619Z","v":0}
{"name":"hexo","hostname":"ubuntu","pid":30143,"level":20,"msg":"Generator: \u001b[35masset\u001b[39m","time":"2017-04-21T13:57:55.626Z","v":0}
{"name":"hexo","hostname":"ubuntu","pid":30143,"level":20,"msg":"Rendering index: \u001b[35mindex.html\u001b[39m","time":"2017-04-21T13:58:00.609Z","v":0}
{"name":"hexo","hostname":"ubuntu","pid":30143,"level":30,"msg":"See you again","time":"2017-04-21T14:00:38.359Z","v":0}
{"name":"hexo","hostname":"ubuntu","pid":30143,"level":20,"msg":"Database saved","time":"2017-04-21T14:00:38.379Z","v":0}
